{"C:\\Users\\julia\\Kadir11\\scripts\\handlers\\battleMechanicsHandlers.js":{"path":"C:\\Users\\julia\\Kadir11\\scripts\\handlers\\battleMechanicsHandlers.js","statementMap":{"0":{"start":{"line":1,"column":75},"end":{"line":1,"column":94}},"1":{"start":{"line":2,"column":25},"end":{"line":2,"column":51}},"2":{"start":{"line":4,"column":15},"end":{"line":4,"column":54}},"3":{"start":{"line":12,"column":8},"end":{"line":12,"column":15}},"4":{"start":{"line":14,"column":4},"end":{"line":14,"column":59}},"5":{"start":{"line":17,"column":29},"end":{"line":21,"column":5}},"6":{"start":{"line":18,"column":8},"end":{"line":20,"column":11}},"7":{"start":{"line":19,"column":12},"end":{"line":19,"column":67}},"8":{"start":{"line":19,"column":31},"end":{"line":19,"column":67}},"9":{"start":{"line":24,"column":4},"end":{"line":43,"column":7}},"10":{"start":{"line":25,"column":27},"end":{"line":25,"column":42}},"11":{"start":{"line":26,"column":8},"end":{"line":29,"column":9}},"12":{"start":{"line":27,"column":12},"end":{"line":27,"column":93}},"13":{"start":{"line":28,"column":12},"end":{"line":28,"column":19}},"14":{"start":{"line":31,"column":21},"end":{"line":31,"column":35}},"15":{"start":{"line":32,"column":31},"end":{"line":32,"column":53}},"16":{"start":{"line":33,"column":8},"end":{"line":33,"column":63}},"17":{"start":{"line":34,"column":8},"end":{"line":34,"column":126}},"18":{"start":{"line":35,"column":8},"end":{"line":42,"column":9}},"19":{"start":{"line":36,"column":12},"end":{"line":36,"column":88}},"20":{"start":{"line":37,"column":12},"end":{"line":37,"column":41}},"21":{"start":{"line":38,"column":12},"end":{"line":38,"column":85}},"22":{"start":{"line":40,"column":12},"end":{"line":40,"column":59}},"23":{"start":{"line":41,"column":12},"end":{"line":41,"column":47}},"24":{"start":{"line":46,"column":4},"end":{"line":60,"column":7}},"25":{"start":{"line":47,"column":27},"end":{"line":47,"column":42}},"26":{"start":{"line":48,"column":8},"end":{"line":48,"column":89}},"27":{"start":{"line":48,"column":27},"end":{"line":48,"column":79}},"28":{"start":{"line":48,"column":80},"end":{"line":48,"column":87}},"29":{"start":{"line":49,"column":31},"end":{"line":49,"column":55}},"30":{"start":{"line":50,"column":8},"end":{"line":50,"column":90}},"31":{"start":{"line":51,"column":8},"end":{"line":51,"column":119}},"32":{"start":{"line":52,"column":8},"end":{"line":59,"column":9}},"33":{"start":{"line":53,"column":12},"end":{"line":53,"column":102}},"34":{"start":{"line":54,"column":12},"end":{"line":54,"column":41}},"35":{"start":{"line":55,"column":12},"end":{"line":55,"column":82}},"36":{"start":{"line":57,"column":12},"end":{"line":57,"column":56}},"37":{"start":{"line":58,"column":12},"end":{"line":58,"column":54}},"38":{"start":{"line":63,"column":4},"end":{"line":81,"column":7}},"39":{"start":{"line":64,"column":27},"end":{"line":64,"column":42}},"40":{"start":{"line":65,"column":8},"end":{"line":65,"column":87}},"41":{"start":{"line":65,"column":27},"end":{"line":65,"column":77}},"42":{"start":{"line":65,"column":78},"end":{"line":65,"column":85}},"43":{"start":{"line":67,"column":21},"end":{"line":67,"column":32}},"44":{"start":{"line":68,"column":32},"end":{"line":68,"column":55}},"45":{"start":{"line":69,"column":8},"end":{"line":69,"column":65}},"46":{"start":{"line":71,"column":8},"end":{"line":71,"column":106}},"47":{"start":{"line":73,"column":8},"end":{"line":80,"column":9}},"48":{"start":{"line":74,"column":12},"end":{"line":74,"column":90}},"49":{"start":{"line":75,"column":12},"end":{"line":75,"column":41}},"50":{"start":{"line":76,"column":12},"end":{"line":76,"column":88}},"51":{"start":{"line":78,"column":12},"end":{"line":78,"column":57}},"52":{"start":{"line":79,"column":12},"end":{"line":79,"column":49}},"53":{"start":{"line":83,"column":4},"end":{"line":83,"column":69}},"54":{"start":{"line":86,"column":0},"end":{"line":86,"column":50}}},"fnMap":{"0":{"name":"setupBattleMechanicsHandlers","decl":{"start":{"line":6,"column":9},"end":{"line":6,"column":37}},"loc":{"start":{"line":6,"column":52},"end":{"line":84,"column":1}},"line":6},"1":{"name":"(anonymous_1)","decl":{"start":{"line":17,"column":29},"end":{"line":17,"column":30}},"loc":{"start":{"line":17,"column":38},"end":{"line":21,"column":5}},"line":17},"2":{"name":"(anonymous_2)","decl":{"start":{"line":18,"column":46},"end":{"line":18,"column":47}},"loc":{"start":{"line":18,"column":51},"end":{"line":20,"column":9}},"line":18},"3":{"name":"(anonymous_3)","decl":{"start":{"line":24,"column":27},"end":{"line":24,"column":28}},"loc":{"start":{"line":24,"column":50},"end":{"line":43,"column":5}},"line":24},"4":{"name":"(anonymous_4)","decl":{"start":{"line":46,"column":32},"end":{"line":46,"column":33}},"loc":{"start":{"line":46,"column":60},"end":{"line":60,"column":5}},"line":46},"5":{"name":"(anonymous_5)","decl":{"start":{"line":63,"column":30},"end":{"line":63,"column":31}},"loc":{"start":{"line":63,"column":55},"end":{"line":81,"column":5}},"line":63}},"branchMap":{"0":{"loc":{"start":{"line":6,"column":38},"end":{"line":6,"column":50}},"type":"default-arg","locations":[{"start":{"line":6,"column":48},"end":{"line":6,"column":50}}],"line":6},"1":{"loc":{"start":{"line":10,"column":8},"end":{"line":10,"column":33}},"type":"default-arg","locations":[{"start":{"line":10,"column":18},"end":{"line":10,"column":33}}],"line":10},"2":{"loc":{"start":{"line":11,"column":8},"end":{"line":11,"column":45}},"type":"default-arg","locations":[{"start":{"line":11,"column":24},"end":{"line":11,"column":45}}],"line":11},"3":{"loc":{"start":{"line":19,"column":12},"end":{"line":19,"column":67}},"type":"if","locations":[{"start":{"line":19,"column":12},"end":{"line":19,"column":67}},{"start":{},"end":{}}],"line":19},"4":{"loc":{"start":{"line":26,"column":8},"end":{"line":29,"column":9}},"type":"if","locations":[{"start":{"line":26,"column":8},"end":{"line":29,"column":9}},{"start":{},"end":{}}],"line":26},"5":{"loc":{"start":{"line":26,"column":12},"end":{"line":26,"column":32}},"type":"binary-expr","locations":[{"start":{"line":26,"column":12},"end":{"line":26,"column":23}},{"start":{"line":26,"column":27},"end":{"line":26,"column":32}}],"line":26},"6":{"loc":{"start":{"line":27,"column":25},"end":{"line":27,"column":91}},"type":"cond-expr","locations":[{"start":{"line":27,"column":38},"end":{"line":27,"column":56}},{"start":{"line":27,"column":59},"end":{"line":27,"column":91}}],"line":27},"7":{"loc":{"start":{"line":31,"column":21},"end":{"line":31,"column":35}},"type":"binary-expr","locations":[{"start":{"line":31,"column":21},"end":{"line":31,"column":30}},{"start":{"line":31,"column":34},"end":{"line":31,"column":35}}],"line":31},"8":{"loc":{"start":{"line":32,"column":31},"end":{"line":32,"column":53}},"type":"binary-expr","locations":[{"start":{"line":32,"column":31},"end":{"line":32,"column":48}},{"start":{"line":32,"column":52},"end":{"line":32,"column":53}}],"line":32},"9":{"loc":{"start":{"line":34,"column":29},"end":{"line":34,"column":51}},"type":"binary-expr","locations":[{"start":{"line":34,"column":29},"end":{"line":34,"column":38}},{"start":{"line":34,"column":42},"end":{"line":34,"column":51}}],"line":34},"10":{"loc":{"start":{"line":48,"column":8},"end":{"line":48,"column":89}},"type":"if","locations":[{"start":{"line":48,"column":8},"end":{"line":48,"column":89}},{"start":{},"end":{}}],"line":48},"11":{"loc":{"start":{"line":65,"column":8},"end":{"line":65,"column":87}},"type":"if","locations":[{"start":{"line":65,"column":8},"end":{"line":65,"column":87}},{"start":{},"end":{}}],"line":65},"12":{"loc":{"start":{"line":67,"column":21},"end":{"line":67,"column":32}},"type":"binary-expr","locations":[{"start":{"line":67,"column":21},"end":{"line":67,"column":27}},{"start":{"line":67,"column":31},"end":{"line":67,"column":32}}],"line":67},"13":{"loc":{"start":{"line":68,"column":32},"end":{"line":68,"column":55}},"type":"binary-expr","locations":[{"start":{"line":68,"column":32},"end":{"line":68,"column":50}},{"start":{"line":68,"column":54},"end":{"line":68,"column":55}}],"line":68}},"s":{"0":1,"1":1,"2":1,"3":14,"4":14,"5":14,"6":13,"7":16,"8":11,"9":14,"10":7,"11":7,"12":2,"13":2,"14":5,"15":5,"16":5,"17":5,"18":5,"19":5,"20":4,"21":4,"22":1,"23":1,"24":14,"25":7,"26":7,"27":1,"28":1,"29":6,"30":6,"31":6,"32":6,"33":6,"34":5,"35":5,"36":1,"37":1,"38":14,"39":6,"40":6,"41":1,"42":1,"43":5,"44":5,"45":5,"46":5,"47":5,"48":5,"49":4,"50":4,"51":1,"52":1,"53":14,"54":1},"f":{"0":14,"1":13,"2":16,"3":7,"4":7,"5":6},"b":{"0":[0],"1":[0],"2":[0],"3":[11,5],"4":[2,5],"5":[7,6],"6":[1,1],"7":[5,1],"8":[5,1],"9":[5,0],"10":[1,6],"11":[1,5],"12":[5,1],"13":[5,1]},"_coverageSchema":"1a1c01bbd47fc00a2c39e90264f33305004495a9","hash":"1d8e23e4437cccd18337ad7d100faca96182f201","contentHash":"4d37b689f1981a1d161518d36d5979e623476d0b430fc2e87282f2dd9dc5c696"},"C:\\Users\\julia\\Kadir11\\scripts\\utils\\logger.js":{"path":"C:\\Users\\julia\\Kadir11\\scripts\\utils\\logger.js","statementMap":{"0":{"start":{"line":6,"column":14},"end":{"line":6,"column":51}},"1":{"start":{"line":13,"column":8},"end":{"line":13,"column":29}},"2":{"start":{"line":14,"column":8},"end":{"line":14,"column":28}},"3":{"start":{"line":22,"column":20},"end":{"line":22,"column":30}},"4":{"start":{"line":23,"column":8},"end":{"line":28,"column":11}},"5":{"start":{"line":36,"column":8},"end":{"line":36,"column":85}},"6":{"start":{"line":44,"column":8},"end":{"line":46,"column":9}},"7":{"start":{"line":45,"column":12},"end":{"line":45,"column":59}},"8":{"start":{"line":54,"column":8},"end":{"line":56,"column":9}},"9":{"start":{"line":55,"column":12},"end":{"line":55,"column":58}},"10":{"start":{"line":64,"column":8},"end":{"line":66,"column":9}},"11":{"start":{"line":65,"column":12},"end":{"line":65,"column":59}},"12":{"start":{"line":74,"column":8},"end":{"line":74,"column":57}},"13":{"start":{"line":81,"column":8},"end":{"line":81,"column":29}},"14":{"start":{"line":88,"column":8},"end":{"line":88,"column":28}},"15":{"start":{"line":96,"column":8},"end":{"line":98,"column":9}},"16":{"start":{"line":97,"column":12},"end":{"line":97,"column":59}},"17":{"start":{"line":105,"column":8},"end":{"line":107,"column":9}},"18":{"start":{"line":106,"column":12},"end":{"line":106,"column":31}},"19":{"start":{"line":116,"column":22},"end":{"line":116,"column":39}},"20":{"start":{"line":117,"column":8},"end":{"line":121,"column":10}},"21":{"start":{"line":118,"column":24},"end":{"line":118,"column":41}},"22":{"start":{"line":119,"column":29},"end":{"line":119,"column":53}},"23":{"start":{"line":120,"column":12},"end":{"line":120,"column":53}},"24":{"start":{"line":131,"column":4},"end":{"line":131,"column":30}},"25":{"start":{"line":134,"column":0},"end":{"line":134,"column":42}}},"fnMap":{"0":{"name":"(anonymous_0)","decl":{"start":{"line":12,"column":4},"end":{"line":12,"column":5}},"loc":{"start":{"line":12,"column":24},"end":{"line":15,"column":5}},"line":12},"1":{"name":"(anonymous_1)","decl":{"start":{"line":21,"column":4},"end":{"line":21,"column":5}},"loc":{"start":{"line":21,"column":17},"end":{"line":29,"column":5}},"line":21},"2":{"name":"(anonymous_2)","decl":{"start":{"line":35,"column":4},"end":{"line":35,"column":5}},"loc":{"start":{"line":35,"column":28},"end":{"line":37,"column":5}},"line":35},"3":{"name":"(anonymous_3)","decl":{"start":{"line":43,"column":4},"end":{"line":43,"column":5}},"loc":{"start":{"line":43,"column":19},"end":{"line":47,"column":5}},"line":43},"4":{"name":"(anonymous_4)","decl":{"start":{"line":53,"column":4},"end":{"line":53,"column":5}},"loc":{"start":{"line":53,"column":18},"end":{"line":57,"column":5}},"line":53},"5":{"name":"(anonymous_5)","decl":{"start":{"line":63,"column":4},"end":{"line":63,"column":5}},"loc":{"start":{"line":63,"column":18},"end":{"line":67,"column":5}},"line":63},"6":{"name":"(anonymous_6)","decl":{"start":{"line":73,"column":4},"end":{"line":73,"column":5}},"loc":{"start":{"line":73,"column":19},"end":{"line":75,"column":5}},"line":73},"7":{"name":"(anonymous_7)","decl":{"start":{"line":80,"column":4},"end":{"line":80,"column":5}},"loc":{"start":{"line":80,"column":14},"end":{"line":82,"column":5}},"line":80},"8":{"name":"(anonymous_8)","decl":{"start":{"line":87,"column":4},"end":{"line":87,"column":5}},"loc":{"start":{"line":87,"column":13},"end":{"line":89,"column":5}},"line":87},"9":{"name":"(anonymous_9)","decl":{"start":{"line":95,"column":4},"end":{"line":95,"column":5}},"loc":{"start":{"line":95,"column":17},"end":{"line":99,"column":5}},"line":95},"10":{"name":"(anonymous_10)","decl":{"start":{"line":104,"column":4},"end":{"line":104,"column":5}},"loc":{"start":{"line":104,"column":15},"end":{"line":108,"column":5}},"line":104},"11":{"name":"(anonymous_11)","decl":{"start":{"line":115,"column":4},"end":{"line":115,"column":5}},"loc":{"start":{"line":115,"column":16},"end":{"line":122,"column":5}},"line":115},"12":{"name":"(anonymous_12)","decl":{"start":{"line":117,"column":15},"end":{"line":117,"column":16}},"loc":{"start":{"line":117,"column":21},"end":{"line":121,"column":9}},"line":117},"13":{"name":"createLogger","decl":{"start":{"line":130,"column":9},"end":{"line":130,"column":21}},"loc":{"start":{"line":130,"column":30},"end":{"line":132,"column":1}},"line":130}},"branchMap":{"0":{"loc":{"start":{"line":44,"column":8},"end":{"line":46,"column":9}},"type":"if","locations":[{"start":{"line":44,"column":8},"end":{"line":46,"column":9}},{"start":{},"end":{}}],"line":44},"1":{"loc":{"start":{"line":44,"column":12},"end":{"line":44,"column":33}},"type":"binary-expr","locations":[{"start":{"line":44,"column":12},"end":{"line":44,"column":17}},{"start":{"line":44,"column":21},"end":{"line":44,"column":33}}],"line":44},"2":{"loc":{"start":{"line":54,"column":8},"end":{"line":56,"column":9}},"type":"if","locations":[{"start":{"line":54,"column":8},"end":{"line":56,"column":9}},{"start":{},"end":{}}],"line":54},"3":{"loc":{"start":{"line":64,"column":8},"end":{"line":66,"column":9}},"type":"if","locations":[{"start":{"line":64,"column":8},"end":{"line":66,"column":9}},{"start":{},"end":{}}],"line":64},"4":{"loc":{"start":{"line":96,"column":8},"end":{"line":98,"column":9}},"type":"if","locations":[{"start":{"line":96,"column":8},"end":{"line":98,"column":9}},{"start":{},"end":{}}],"line":96},"5":{"loc":{"start":{"line":105,"column":8},"end":{"line":107,"column":9}},"type":"if","locations":[{"start":{"line":105,"column":8},"end":{"line":107,"column":9}},{"start":{},"end":{}}],"line":105}},"s":{"0":2,"1":11,"2":11,"3":276,"4":276,"5":276,"6":43,"7":40,"8":210,"9":208,"10":2,"11":1,"12":25,"13":5,"14":3,"15":4,"16":2,"17":4,"18":2,"19":2,"20":2,"21":2,"22":2,"23":2,"24":11,"25":2},"f":{"0":11,"1":276,"2":276,"3":43,"4":210,"5":2,"6":25,"7":5,"8":3,"9":4,"10":4,"11":2,"12":2,"13":11},"b":{"0":[40,3],"1":[43,41],"2":[208,2],"3":[1,1],"4":[2,2],"5":[2,2]},"_coverageSchema":"1a1c01bbd47fc00a2c39e90264f33305004495a9","hash":"a155c28d4abdb493cdca72e3f3ed0ef813e4be94","contentHash":"626c19124fe94dfbf8e1fa2522ba476cbcfab98f3f0e86a62f4b49566a8c3317"},"C:\\Users\\julia\\Kadir11\\scripts\\logic\\moveLearning.js":{"path":"C:\\Users\\julia\\Kadir11\\scripts\\logic\\moveLearning.js","statementMap":{"0":{"start":{"line":2,"column":2},"end":{"line":2,"column":48}},"1":{"start":{"line":2,"column":12},"end":{"line":2,"column":48}},"2":{"start":{"line":3,"column":2},"end":{"line":3,"column":76}},"3":{"start":{"line":3,"column":41},"end":{"line":3,"column":76}},"4":{"start":{"line":4,"column":2},"end":{"line":4,"column":33}},"5":{"start":{"line":4,"column":18},"end":{"line":4,"column":33}},"6":{"start":{"line":5,"column":2},"end":{"line":5,"column":58}},"7":{"start":{"line":5,"column":23},"end":{"line":5,"column":58}},"8":{"start":{"line":7,"column":24},"end":{"line":7,"column":70}},"9":{"start":{"line":7,"column":49},"end":{"line":7,"column":69}},"10":{"start":{"line":8,"column":19},"end":{"line":8,"column":33}},"11":{"start":{"line":9,"column":15},"end":{"line":9,"column":65}},"12":{"start":{"line":10,"column":20},"end":{"line":10,"column":40}},"13":{"start":{"line":11,"column":2},"end":{"line":13,"column":3}},"14":{"start":{"line":12,"column":4},"end":{"line":12,"column":73}},"15":{"start":{"line":14,"column":2},"end":{"line":14,"column":37}},"16":{"start":{"line":15,"column":19},"end":{"line":15,"column":70}},"17":{"start":{"line":15,"column":49},"end":{"line":15,"column":69}},"18":{"start":{"line":16,"column":2},"end":{"line":20,"column":3}},"19":{"start":{"line":17,"column":4},"end":{"line":17,"column":30}},"20":{"start":{"line":19,"column":4},"end":{"line":19,"column":36}},"21":{"start":{"line":21,"column":14},"end":{"line":21,"column":60}},"22":{"start":{"line":21,"column":39},"end":{"line":21,"column":59}},"23":{"start":{"line":22,"column":2},"end":{"line":28,"column":3}},"24":{"start":{"line":23,"column":4},"end":{"line":23,"column":26}},"25":{"start":{"line":24,"column":9},"end":{"line":28,"column":3}},"26":{"start":{"line":25,"column":4},"end":{"line":25,"column":24}},"27":{"start":{"line":27,"column":4},"end":{"line":27,"column":25}},"28":{"start":{"line":29,"column":2},"end":{"line":29,"column":38}},"29":{"start":{"line":32,"column":0},"end":{"line":32,"column":31}}},"fnMap":{"0":{"name":"learnMove","decl":{"start":{"line":1,"column":9},"end":{"line":1,"column":18}},"loc":{"start":{"line":1,"column":30},"end":{"line":30,"column":1}},"line":1},"1":{"name":"(anonymous_1)","decl":{"start":{"line":7,"column":44},"end":{"line":7,"column":45}},"loc":{"start":{"line":7,"column":49},"end":{"line":7,"column":69}},"line":7},"2":{"name":"(anonymous_2)","decl":{"start":{"line":15,"column":44},"end":{"line":15,"column":45}},"loc":{"start":{"line":15,"column":49},"end":{"line":15,"column":69}},"line":15},"3":{"name":"(anonymous_3)","decl":{"start":{"line":21,"column":34},"end":{"line":21,"column":35}},"loc":{"start":{"line":21,"column":39},"end":{"line":21,"column":59}},"line":21}},"branchMap":{"0":{"loc":{"start":{"line":2,"column":2},"end":{"line":2,"column":48}},"type":"if","locations":[{"start":{"line":2,"column":2},"end":{"line":2,"column":48}},{"start":{},"end":{}}],"line":2},"1":{"loc":{"start":{"line":3,"column":2},"end":{"line":3,"column":76}},"type":"if","locations":[{"start":{"line":3,"column":2},"end":{"line":3,"column":76}},{"start":{},"end":{}}],"line":3},"2":{"loc":{"start":{"line":3,"column":6},"end":{"line":3,"column":39}},"type":"binary-expr","locations":[{"start":{"line":3,"column":6},"end":{"line":3,"column":11}},{"start":{"line":3,"column":15},"end":{"line":3,"column":39}}],"line":3},"3":{"loc":{"start":{"line":4,"column":2},"end":{"line":4,"column":33}},"type":"if","locations":[{"start":{"line":4,"column":2},"end":{"line":4,"column":33}},{"start":{},"end":{}}],"line":4},"4":{"loc":{"start":{"line":5,"column":2},"end":{"line":5,"column":58}},"type":"if","locations":[{"start":{"line":5,"column":2},"end":{"line":5,"column":58}},{"start":{},"end":{}}],"line":5},"5":{"loc":{"start":{"line":8,"column":19},"end":{"line":8,"column":33}},"type":"binary-expr","locations":[{"start":{"line":8,"column":19},"end":{"line":8,"column":28}},{"start":{"line":8,"column":32},"end":{"line":8,"column":33}}],"line":8},"6":{"loc":{"start":{"line":9,"column":15},"end":{"line":9,"column":65}},"type":"cond-expr","locations":[{"start":{"line":9,"column":31},"end":{"line":9,"column":54}},{"start":{"line":9,"column":57},"end":{"line":9,"column":65}}],"line":9},"7":{"loc":{"start":{"line":10,"column":20},"end":{"line":10,"column":40}},"type":"binary-expr","locations":[{"start":{"line":10,"column":20},"end":{"line":10,"column":35}},{"start":{"line":10,"column":39},"end":{"line":10,"column":40}}],"line":10},"8":{"loc":{"start":{"line":11,"column":2},"end":{"line":13,"column":3}},"type":"if","locations":[{"start":{"line":11,"column":2},"end":{"line":13,"column":3}},{"start":{},"end":{}}],"line":11},"9":{"loc":{"start":{"line":16,"column":2},"end":{"line":20,"column":3}},"type":"if","locations":[{"start":{"line":16,"column":2},"end":{"line":20,"column":3}},{"start":{"line":18,"column":9},"end":{"line":20,"column":3}}],"line":16},"10":{"loc":{"start":{"line":22,"column":2},"end":{"line":28,"column":3}},"type":"if","locations":[{"start":{"line":22,"column":2},"end":{"line":28,"column":3}},{"start":{"line":24,"column":9},"end":{"line":28,"column":3}}],"line":22},"11":{"loc":{"start":{"line":24,"column":9},"end":{"line":28,"column":3}},"type":"if","locations":[{"start":{"line":24,"column":9},"end":{"line":28,"column":3}},{"start":{"line":26,"column":9},"end":{"line":28,"column":3}}],"line":24}},"s":{"0":12,"1":1,"2":11,"3":1,"4":10,"5":1,"6":10,"7":1,"8":10,"9":11,"10":10,"11":10,"12":10,"13":10,"14":1,"15":9,"16":9,"17":11,"18":9,"19":8,"20":1,"21":9,"22":11,"23":9,"24":1,"25":8,"26":1,"27":7,"28":9,"29":1},"f":{"0":12,"1":11,"2":11,"3":11},"b":{"0":[1,11],"1":[1,10],"2":[11,10],"3":[1,9],"4":[1,9],"5":[10,0],"6":[1,9],"7":[10,0],"8":[1,9],"9":[8,1],"10":[1,8],"11":[1,7]},"_coverageSchema":"1a1c01bbd47fc00a2c39e90264f33305004495a9","hash":"f4c4cd52c89c05ac7c6a2ffec274b5261b1398d0","contentHash":"f58a881ea4d6a39abbff55dcab163d3029dfcb2e5e61cc7e2ae766b88e9251e6"},"C:\\Users\\julia\\Kadir11\\scripts\\logic\\progression.js":{"path":"C:\\Users\\julia\\Kadir11\\scripts\\logic\\progression.js","statementMap":{"0":{"start":{"line":5,"column":2},"end":{"line":5,"column":49}},"1":{"start":{"line":5,"column":12},"end":{"line":5,"column":49}},"2":{"start":{"line":6,"column":17},"end":{"line":6,"column":60}},"3":{"start":{"line":7,"column":2},"end":{"line":7,"column":50}},"4":{"start":{"line":8,"column":21},"end":{"line":8,"column":22}},"5":{"start":{"line":9,"column":20},"end":{"line":9,"column":21}},"6":{"start":{"line":10,"column":19},"end":{"line":10,"column":63}},"7":{"start":{"line":11,"column":2},"end":{"line":19,"column":3}},"8":{"start":{"line":12,"column":4},"end":{"line":12,"column":19}},"9":{"start":{"line":13,"column":4},"end":{"line":13,"column":33}},"10":{"start":{"line":14,"column":4},"end":{"line":14,"column":21}},"11":{"start":{"line":15,"column":4},"end":{"line":15,"column":49}},"12":{"start":{"line":16,"column":4},"end":{"line":16,"column":45}},"13":{"start":{"line":17,"column":4},"end":{"line":17,"column":22}},"14":{"start":{"line":18,"column":4},"end":{"line":18,"column":62}},"15":{"start":{"line":20,"column":2},"end":{"line":20,"column":52}},"16":{"start":{"line":24,"column":2},"end":{"line":24,"column":49}},"17":{"start":{"line":24,"column":12},"end":{"line":24,"column":49}},"18":{"start":{"line":25,"column":53},"end":{"line":25,"column":61}},"19":{"start":{"line":26,"column":16},"end":{"line":26,"column":26}},"20":{"start":{"line":28,"column":2},"end":{"line":28,"column":52}},"21":{"start":{"line":28,"column":13},"end":{"line":28,"column":52}},"22":{"start":{"line":30,"column":2},"end":{"line":30,"column":18}},"23":{"start":{"line":31,"column":2},"end":{"line":31,"column":20}},"24":{"start":{"line":33,"column":2},"end":{"line":36,"column":3}},"25":{"start":{"line":34,"column":4},"end":{"line":34,"column":33}},"26":{"start":{"line":35,"column":4},"end":{"line":35,"column":27}},"27":{"start":{"line":37,"column":2},"end":{"line":37,"column":74}},"28":{"start":{"line":37,"column":19},"end":{"line":37,"column":74}},"29":{"start":{"line":39,"column":2},"end":{"line":39,"column":78}},"30":{"start":{"line":42,"column":0},"end":{"line":42,"column":62}}},"fnMap":{"0":{"name":"applyBattleProgress","decl":{"start":{"line":4,"column":9},"end":{"line":4,"column":28}},"loc":{"start":{"line":4,"column":64},"end":{"line":21,"column":1}},"line":4},"1":{"name":"applyJourneyRewards","decl":{"start":{"line":23,"column":9},"end":{"line":23,"column":28}},"loc":{"start":{"line":23,"column":88},"end":{"line":40,"column":1}},"line":23}},"branchMap":{"0":{"loc":{"start":{"line":4,"column":34},"end":{"line":4,"column":53}},"type":"default-arg","locations":[{"start":{"line":4,"column":51},"end":{"line":4,"column":53}}],"line":4},"1":{"loc":{"start":{"line":4,"column":36},"end":{"line":4,"column":46}},"type":"default-arg","locations":[{"start":{"line":4,"column":45},"end":{"line":4,"column":46}}],"line":4},"2":{"loc":{"start":{"line":5,"column":2},"end":{"line":5,"column":49}},"type":"if","locations":[{"start":{"line":5,"column":2},"end":{"line":5,"column":49}},{"start":{},"end":{}}],"line":5},"3":{"loc":{"start":{"line":7,"column":20},"end":{"line":7,"column":39}},"type":"binary-expr","locations":[{"start":{"line":7,"column":20},"end":{"line":7,"column":34}},{"start":{"line":7,"column":38},"end":{"line":7,"column":39}}],"line":7},"4":{"loc":{"start":{"line":11,"column":9},"end":{"line":11,"column":56}},"type":"binary-expr","locations":[{"start":{"line":11,"column":9},"end":{"line":11,"column":37}},{"start":{"line":11,"column":41},"end":{"line":11,"column":56}}],"line":11},"5":{"loc":{"start":{"line":15,"column":23},"end":{"line":15,"column":43}},"type":"binary-expr","locations":[{"start":{"line":15,"column":23},"end":{"line":15,"column":38}},{"start":{"line":15,"column":42},"end":{"line":15,"column":43}}],"line":15},"6":{"loc":{"start":{"line":23,"column":34},"end":{"line":23,"column":76}},"type":"default-arg","locations":[{"start":{"line":23,"column":74},"end":{"line":23,"column":76}}],"line":23},"7":{"loc":{"start":{"line":23,"column":43},"end":{"line":23,"column":52}},"type":"default-arg","locations":[{"start":{"line":23,"column":51},"end":{"line":23,"column":52}}],"line":23},"8":{"loc":{"start":{"line":23,"column":54},"end":{"line":23,"column":69}},"type":"default-arg","locations":[{"start":{"line":23,"column":68},"end":{"line":23,"column":69}}],"line":23},"9":{"loc":{"start":{"line":24,"column":2},"end":{"line":24,"column":49}},"type":"if","locations":[{"start":{"line":24,"column":2},"end":{"line":24,"column":49}},{"start":{},"end":{}}],"line":24},"10":{"loc":{"start":{"line":28,"column":2},"end":{"line":28,"column":52}},"type":"if","locations":[{"start":{"line":28,"column":2},"end":{"line":28,"column":52}},{"start":{},"end":{}}],"line":28},"11":{"loc":{"start":{"line":28,"column":29},"end":{"line":28,"column":46}},"type":"binary-expr","locations":[{"start":{"line":28,"column":29},"end":{"line":28,"column":41}},{"start":{"line":28,"column":45},"end":{"line":28,"column":46}}],"line":28},"12":{"loc":{"start":{"line":33,"column":2},"end":{"line":36,"column":3}},"type":"if","locations":[{"start":{"line":33,"column":2},"end":{"line":36,"column":3}},{"start":{},"end":{}}],"line":33},"13":{"loc":{"start":{"line":37,"column":2},"end":{"line":37,"column":74}},"type":"if","locations":[{"start":{"line":37,"column":2},"end":{"line":37,"column":74}},{"start":{},"end":{}}],"line":37},"14":{"loc":{"start":{"line":37,"column":38},"end":{"line":37,"column":58}},"type":"binary-expr","locations":[{"start":{"line":37,"column":38},"end":{"line":37,"column":53}},{"start":{"line":37,"column":57},"end":{"line":37,"column":58}}],"line":37}},"s":{"0":7,"1":1,"2":6,"3":6,"4":6,"5":6,"6":6,"7":6,"8":7,"9":7,"10":7,"11":7,"12":7,"13":7,"14":7,"15":6,"16":5,"17":1,"18":4,"19":4,"20":4,"21":2,"22":4,"23":4,"24":4,"25":2,"26":2,"27":4,"28":2,"29":4,"30":1},"f":{"0":7,"1":5},"b":{"0":[0],"1":[0],"2":[1,6],"3":[6,6],"4":[13,8],"5":[7,4],"6":[0],"7":[2],"8":[2],"9":[1,4],"10":[2,2],"11":[2,2],"12":[2,2],"13":[2,2],"14":[2,2]},"_coverageSchema":"1a1c01bbd47fc00a2c39e90264f33305004495a9","hash":"b5ba32261cebb6079522c0261064ceee86387c88","contentHash":"d8db35c470545909d35efe5a65d729406f519bbc7ecd1813be79e343fe04cc79"},"C:\\Users\\julia\\Kadir11\\scripts\\handlers\\nestHandlers.js":{"path":"C:\\Users\\julia\\Kadir11\\scripts\\handlers\\nestHandlers.js","statementMap":{"0":{"start":{"line":1,"column":75},"end":{"line":1,"column":94}},"1":{"start":{"line":2,"column":25},"end":{"line":2,"column":51}},"2":{"start":{"line":4,"column":15},"end":{"line":4,"column":43}},"3":{"start":{"line":21,"column":8},"end":{"line":21,"column":15}},"4":{"start":{"line":23,"column":4},"end":{"line":23,"column":47}},"5":{"start":{"line":26,"column":31},"end":{"line":30,"column":5}},"6":{"start":{"line":27,"column":8},"end":{"line":29,"column":11}},"7":{"start":{"line":28,"column":12},"end":{"line":28,"column":55}},"8":{"start":{"line":28,"column":31},"end":{"line":28,"column":55}},"9":{"start":{"line":33,"column":4},"end":{"line":74,"column":7}},"10":{"start":{"line":34,"column":27},"end":{"line":34,"column":42}},"11":{"start":{"line":35,"column":22},"end":{"line":35,"column":32}},"12":{"start":{"line":36,"column":26},"end":{"line":36,"column":40}},"13":{"start":{"line":37,"column":20},"end":{"line":37,"column":34}},"14":{"start":{"line":40,"column":8},"end":{"line":43,"column":9}},"15":{"start":{"line":41,"column":12},"end":{"line":41,"column":68}},"16":{"start":{"line":42,"column":12},"end":{"line":42,"column":19}},"17":{"start":{"line":44,"column":8},"end":{"line":47,"column":9}},"18":{"start":{"line":45,"column":12},"end":{"line":45,"column":56}},"19":{"start":{"line":46,"column":12},"end":{"line":46,"column":19}},"20":{"start":{"line":48,"column":8},"end":{"line":51,"column":9}},"21":{"start":{"line":49,"column":12},"end":{"line":49,"column":72}},"22":{"start":{"line":50,"column":12},"end":{"line":50,"column":19}},"23":{"start":{"line":53,"column":8},"end":{"line":73,"column":9}},"24":{"start":{"line":55,"column":12},"end":{"line":55,"column":30}},"25":{"start":{"line":56,"column":12},"end":{"line":56,"column":28}},"26":{"start":{"line":57,"column":12},"end":{"line":57,"column":37}},"27":{"start":{"line":60,"column":27},"end":{"line":60,"column":43}},"28":{"start":{"line":61,"column":12},"end":{"line":61,"column":61}},"29":{"start":{"line":62,"column":12},"end":{"line":62,"column":32}},"30":{"start":{"line":64,"column":12},"end":{"line":64,"column":77}},"31":{"start":{"line":67,"column":12},"end":{"line":70,"column":15}},"32":{"start":{"line":68,"column":16},"end":{"line":68,"column":48}},"33":{"start":{"line":69,"column":16},"end":{"line":69,"column":53}},"34":{"start":{"line":72,"column":12},"end":{"line":72,"column":60}},"35":{"start":{"line":77,"column":4},"end":{"line":133,"column":7}},"36":{"start":{"line":78,"column":22},"end":{"line":78,"column":36}},"37":{"start":{"line":79,"column":20},"end":{"line":79,"column":32}},"38":{"start":{"line":81,"column":8},"end":{"line":84,"column":9}},"39":{"start":{"line":82,"column":12},"end":{"line":82,"column":57}},"40":{"start":{"line":83,"column":12},"end":{"line":83,"column":19}},"41":{"start":{"line":87,"column":8},"end":{"line":87,"column":31}},"42":{"start":{"line":88,"column":8},"end":{"line":88,"column":28}},"43":{"start":{"line":90,"column":8},"end":{"line":132,"column":9}},"44":{"start":{"line":92,"column":28},"end":{"line":92,"column":69}},"45":{"start":{"line":93,"column":27},"end":{"line":93,"column":62}},"46":{"start":{"line":95,"column":12},"end":{"line":95,"column":103}},"47":{"start":{"line":97,"column":32},"end":{"line":97,"column":48}},"48":{"start":{"line":100,"column":12},"end":{"line":106,"column":15}},"49":{"start":{"line":101,"column":16},"end":{"line":101,"column":53}},"50":{"start":{"line":103,"column":16},"end":{"line":105,"column":17}},"51":{"start":{"line":104,"column":20},"end":{"line":104,"column":51}},"52":{"start":{"line":109,"column":12},"end":{"line":120,"column":13}},"53":{"start":{"line":110,"column":32},"end":{"line":113,"column":17}},"54":{"start":{"line":111,"column":20},"end":{"line":111,"column":72}},"55":{"start":{"line":112,"column":20},"end":{"line":112,"column":65}},"56":{"start":{"line":115,"column":16},"end":{"line":119,"column":17}},"57":{"start":{"line":116,"column":20},"end":{"line":116,"column":77}},"58":{"start":{"line":118,"column":20},"end":{"line":118,"column":30}},"59":{"start":{"line":123,"column":12},"end":{"line":123,"column":33}},"60":{"start":{"line":125,"column":12},"end":{"line":125,"column":53}},"61":{"start":{"line":128,"column":12},"end":{"line":128,"column":40}},"62":{"start":{"line":129,"column":12},"end":{"line":129,"column":32}},"63":{"start":{"line":131,"column":12},"end":{"line":131,"column":75}},"64":{"start":{"line":131,"column":37},"end":{"line":131,"column":73}},"65":{"start":{"line":135,"column":4},"end":{"line":135,"column":57}},"66":{"start":{"line":138,"column":0},"end":{"line":138,"column":39}}},"fnMap":{"0":{"name":"setupNestHandlers","decl":{"start":{"line":6,"column":9},"end":{"line":6,"column":26}},"loc":{"start":{"line":6,"column":41},"end":{"line":136,"column":1}},"line":6},"1":{"name":"(anonymous_1)","decl":{"start":{"line":26,"column":31},"end":{"line":26,"column":32}},"loc":{"start":{"line":26,"column":45},"end":{"line":30,"column":5}},"line":26},"2":{"name":"(anonymous_2)","decl":{"start":{"line":27,"column":46},"end":{"line":27,"column":47}},"loc":{"start":{"line":27,"column":51},"end":{"line":29,"column":9}},"line":27},"3":{"name":"(anonymous_3)","decl":{"start":{"line":33,"column":36},"end":{"line":33,"column":37}},"loc":{"start":{"line":33,"column":60},"end":{"line":74,"column":5}},"line":33},"4":{"name":"(anonymous_4)","decl":{"start":{"line":67,"column":31},"end":{"line":67,"column":32}},"loc":{"start":{"line":67,"column":37},"end":{"line":70,"column":13}},"line":67},"5":{"name":"(anonymous_5)","decl":{"start":{"line":77,"column":28},"end":{"line":77,"column":29}},"loc":{"start":{"line":77,"column":52},"end":{"line":133,"column":5}},"line":77},"6":{"name":"(anonymous_6)","decl":{"start":{"line":100,"column":31},"end":{"line":100,"column":32}},"loc":{"start":{"line":100,"column":37},"end":{"line":106,"column":13}},"line":100},"7":{"name":"(anonymous_7)","decl":{"start":{"line":110,"column":32},"end":{"line":110,"column":33}},"loc":{"start":{"line":110,"column":38},"end":{"line":113,"column":17}},"line":110},"8":{"name":"(anonymous_8)","decl":{"start":{"line":131,"column":31},"end":{"line":131,"column":32}},"loc":{"start":{"line":131,"column":37},"end":{"line":131,"column":73}},"line":131}},"branchMap":{"0":{"loc":{"start":{"line":6,"column":27},"end":{"line":6,"column":39}},"type":"default-arg","locations":[{"start":{"line":6,"column":37},"end":{"line":6,"column":39}}],"line":6},"1":{"loc":{"start":{"line":19,"column":8},"end":{"line":19,"column":33}},"type":"default-arg","locations":[{"start":{"line":19,"column":18},"end":{"line":19,"column":33}}],"line":19},"2":{"loc":{"start":{"line":20,"column":8},"end":{"line":20,"column":45}},"type":"default-arg","locations":[{"start":{"line":20,"column":24},"end":{"line":20,"column":45}}],"line":20},"3":{"loc":{"start":{"line":28,"column":12},"end":{"line":28,"column":55}},"type":"if","locations":[{"start":{"line":28,"column":12},"end":{"line":28,"column":55}},{"start":{},"end":{}}],"line":28},"4":{"loc":{"start":{"line":40,"column":8},"end":{"line":43,"column":9}},"type":"if","locations":[{"start":{"line":40,"column":8},"end":{"line":43,"column":9}},{"start":{},"end":{}}],"line":40},"5":{"loc":{"start":{"line":44,"column":8},"end":{"line":47,"column":9}},"type":"if","locations":[{"start":{"line":44,"column":8},"end":{"line":47,"column":9}},{"start":{},"end":{}}],"line":44},"6":{"loc":{"start":{"line":44,"column":12},"end":{"line":44,"column":46}},"type":"binary-expr","locations":[{"start":{"line":44,"column":12},"end":{"line":44,"column":25}},{"start":{"line":44,"column":29},"end":{"line":44,"column":46}}],"line":44},"7":{"loc":{"start":{"line":48,"column":8},"end":{"line":51,"column":9}},"type":"if","locations":[{"start":{"line":48,"column":8},"end":{"line":51,"column":9}},{"start":{},"end":{}}],"line":48},"8":{"loc":{"start":{"line":81,"column":8},"end":{"line":84,"column":9}},"type":"if","locations":[{"start":{"line":81,"column":8},"end":{"line":84,"column":9}},{"start":{},"end":{}}],"line":81},"9":{"loc":{"start":{"line":103,"column":16},"end":{"line":105,"column":17}},"type":"if","locations":[{"start":{"line":103,"column":16},"end":{"line":105,"column":17}},{"start":{},"end":{}}],"line":103},"10":{"loc":{"start":{"line":109,"column":12},"end":{"line":120,"column":13}},"type":"if","locations":[{"start":{"line":109,"column":12},"end":{"line":120,"column":13}},{"start":{},"end":{}}],"line":109},"11":{"loc":{"start":{"line":115,"column":16},"end":{"line":119,"column":17}},"type":"if","locations":[{"start":{"line":115,"column":16},"end":{"line":119,"column":17}},{"start":{"line":117,"column":23},"end":{"line":119,"column":17}}],"line":115}},"s":{"0":1,"1":1,"2":1,"3":18,"4":18,"5":18,"6":13,"7":10,"8":7,"9":18,"10":7,"11":7,"12":7,"13":7,"14":7,"15":1,"16":1,"17":6,"18":1,"19":1,"20":5,"21":1,"22":1,"23":4,"24":4,"25":4,"26":3,"27":3,"28":3,"29":3,"30":3,"31":3,"32":2,"33":2,"34":1,"35":18,"36":11,"37":11,"38":11,"39":1,"40":1,"41":10,"42":10,"43":10,"44":10,"45":10,"46":6,"47":6,"48":6,"49":3,"50":3,"51":3,"52":6,"53":2,"54":1,"55":1,"56":2,"57":1,"58":1,"59":6,"60":4,"61":4,"62":4,"63":4,"64":2,"65":18,"66":1},"f":{"0":18,"1":13,"2":10,"3":7,"4":2,"5":11,"6":3,"7":1,"8":2},"b":{"0":[0],"1":[0],"2":[0],"3":[7,3],"4":[1,6],"5":[1,5],"6":[6,5],"7":[1,4],"8":[1,10],"9":[3,0],"10":[2,4],"11":[1,1]},"_coverageSchema":"1a1c01bbd47fc00a2c39e90264f33305004495a9","hash":"cc4f8505e7272eb2f894236133e6dcd64b65e84a","contentHash":"3d27ff1e881166fb0b1c1849640c1a940322285b7c8abcb334aefeddfe57741f"},"C:\\Users\\julia\\Kadir11\\scripts\\handlers\\storeHandlers.js":{"path":"C:\\Users\\julia\\Kadir11\\scripts\\handlers\\storeHandlers.js","statementMap":{"0":{"start":{"line":4,"column":35},"end":{"line":4,"column":54}},"1":{"start":{"line":5,"column":25},"end":{"line":5,"column":51}},"2":{"start":{"line":7,"column":15},"end":{"line":7,"column":44}},"3":{"start":{"line":26,"column":8},"end":{"line":26,"column":12}},"4":{"start":{"line":28,"column":4},"end":{"line":28,"column":46}},"5":{"start":{"line":31,"column":8},"end":{"line":31,"column":112}},"6":{"start":{"line":31,"column":53},"end":{"line":31,"column":108}},"7":{"start":{"line":31,"column":72},"end":{"line":31,"column":108}},"8":{"start":{"line":36,"column":8},"end":{"line":48,"column":10}},"9":{"start":{"line":52,"column":22},"end":{"line":70,"column":5}},"10":{"start":{"line":73,"column":4},"end":{"line":77,"column":7}},"11":{"start":{"line":74,"column":22},"end":{"line":74,"column":32}},"12":{"start":{"line":75,"column":8},"end":{"line":75,"column":48}},"13":{"start":{"line":76,"column":8},"end":{"line":76,"column":21}},"14":{"start":{"line":79,"column":4},"end":{"line":83,"column":7}},"15":{"start":{"line":80,"column":22},"end":{"line":80,"column":32}},"16":{"start":{"line":81,"column":8},"end":{"line":81,"column":42}},"17":{"start":{"line":82,"column":8},"end":{"line":82,"column":21}},"18":{"start":{"line":85,"column":4},"end":{"line":122,"column":7}},"19":{"start":{"line":86,"column":20},"end":{"line":86,"column":35}},"20":{"start":{"line":87,"column":8},"end":{"line":87,"column":25}},"21":{"start":{"line":87,"column":18},"end":{"line":87,"column":25}},"22":{"start":{"line":88,"column":23},"end":{"line":88,"column":36}},"23":{"start":{"line":89,"column":22},"end":{"line":89,"column":37}},"24":{"start":{"line":90,"column":8},"end":{"line":90,"column":40}},"25":{"start":{"line":90,"column":33},"end":{"line":90,"column":40}},"26":{"start":{"line":91,"column":8},"end":{"line":94,"column":9}},"27":{"start":{"line":92,"column":12},"end":{"line":92,"column":144}},"28":{"start":{"line":92,"column":57},"end":{"line":92,"column":140}},"29":{"start":{"line":92,"column":76},"end":{"line":92,"column":140}},"30":{"start":{"line":93,"column":12},"end":{"line":93,"column":19}},"31":{"start":{"line":95,"column":8},"end":{"line":100,"column":9}},"32":{"start":{"line":96,"column":12},"end":{"line":99,"column":13}},"33":{"start":{"line":97,"column":16},"end":{"line":97,"column":153}},"34":{"start":{"line":97,"column":61},"end":{"line":97,"column":149}},"35":{"start":{"line":97,"column":80},"end":{"line":97,"column":149}},"36":{"start":{"line":98,"column":16},"end":{"line":98,"column":23}},"37":{"start":{"line":101,"column":8},"end":{"line":101,"column":37}},"38":{"start":{"line":102,"column":8},"end":{"line":102,"column":31}},"39":{"start":{"line":103,"column":8},"end":{"line":120,"column":9}},"40":{"start":{"line":104,"column":28},"end":{"line":104,"column":57}},"41":{"start":{"line":105,"column":12},"end":{"line":111,"column":13}},"42":{"start":{"line":106,"column":16},"end":{"line":106,"column":47}},"43":{"start":{"line":107,"column":16},"end":{"line":107,"column":59}},"44":{"start":{"line":108,"column":19},"end":{"line":111,"column":13}},"45":{"start":{"line":109,"column":16},"end":{"line":109,"column":46}},"46":{"start":{"line":110,"column":16},"end":{"line":110,"column":59}},"47":{"start":{"line":112,"column":15},"end":{"line":120,"column":9}},"48":{"start":{"line":113,"column":12},"end":{"line":113,"column":76}},"49":{"start":{"line":114,"column":12},"end":{"line":114,"column":57}},"50":{"start":{"line":116,"column":26},"end":{"line":116,"column":36}},"51":{"start":{"line":117,"column":12},"end":{"line":117,"column":55}},"52":{"start":{"line":118,"column":12},"end":{"line":118,"column":28}},"53":{"start":{"line":119,"column":12},"end":{"line":119,"column":30}},"54":{"start":{"line":121,"column":8},"end":{"line":121,"column":26}},"55":{"start":{"line":124,"column":4},"end":{"line":171,"column":7}},"56":{"start":{"line":125,"column":20},"end":{"line":125,"column":35}},"57":{"start":{"line":126,"column":8},"end":{"line":126,"column":25}},"58":{"start":{"line":126,"column":18},"end":{"line":126,"column":25}},"59":{"start":{"line":127,"column":22},"end":{"line":127,"column":32}},"60":{"start":{"line":128,"column":8},"end":{"line":128,"column":59}},"61":{"start":{"line":128,"column":52},"end":{"line":128,"column":59}},"62":{"start":{"line":129,"column":8},"end":{"line":154,"column":9}},"63":{"start":{"line":131,"column":16},"end":{"line":131,"column":84}},"64":{"start":{"line":131,"column":85},"end":{"line":131,"column":91}},"65":{"start":{"line":133,"column":16},"end":{"line":133,"column":67}},"66":{"start":{"line":134,"column":16},"end":{"line":134,"column":73}},"67":{"start":{"line":135,"column":16},"end":{"line":135,"column":114}},"68":{"start":{"line":136,"column":16},"end":{"line":136,"column":22}},"69":{"start":{"line":138,"column":16},"end":{"line":138,"column":67}},"70":{"start":{"line":138,"column":68},"end":{"line":138,"column":74}},"71":{"start":{"line":140,"column":16},"end":{"line":140,"column":73}},"72":{"start":{"line":141,"column":16},"end":{"line":141,"column":67}},"73":{"start":{"line":142,"column":16},"end":{"line":142,"column":66}},"74":{"start":{"line":143,"column":16},"end":{"line":143,"column":22}},"75":{"start":{"line":148,"column":16},"end":{"line":148,"column":56}},"76":{"start":{"line":148,"column":50},"end":{"line":148,"column":56}},"77":{"start":{"line":149,"column":16},"end":{"line":151,"column":17}},"78":{"start":{"line":150,"column":20},"end":{"line":150,"column":81}},"79":{"start":{"line":152,"column":16},"end":{"line":152,"column":43}},"80":{"start":{"line":153,"column":16},"end":{"line":153,"column":22}},"81":{"start":{"line":155,"column":8},"end":{"line":155,"column":28}},"82":{"start":{"line":156,"column":8},"end":{"line":156,"column":24}},"83":{"start":{"line":157,"column":8},"end":{"line":157,"column":26}},"84":{"start":{"line":158,"column":8},"end":{"line":168,"column":9}},"85":{"start":{"line":159,"column":12},"end":{"line":165,"column":15}},"86":{"start":{"line":167,"column":12},"end":{"line":167,"column":51}},"87":{"start":{"line":169,"column":8},"end":{"line":169,"column":26}},"88":{"start":{"line":170,"column":8},"end":{"line":170,"column":33}},"89":{"start":{"line":173,"column":4},"end":{"line":183,"column":7}},"90":{"start":{"line":174,"column":20},"end":{"line":174,"column":35}},"91":{"start":{"line":175,"column":8},"end":{"line":175,"column":46}},"92":{"start":{"line":175,"column":39},"end":{"line":175,"column":46}},"93":{"start":{"line":176,"column":22},"end":{"line":176,"column":32}},"94":{"start":{"line":177,"column":19},"end":{"line":177,"column":35}},"95":{"start":{"line":178,"column":8},"end":{"line":178,"column":41}},"96":{"start":{"line":179,"column":8},"end":{"line":179,"column":32}},"97":{"start":{"line":180,"column":8},"end":{"line":180,"column":24}},"98":{"start":{"line":180,"column":25},"end":{"line":180,"column":43}},"99":{"start":{"line":181,"column":8},"end":{"line":181,"column":137}},"100":{"start":{"line":181,"column":14},"end":{"line":181,"column":76}},"101":{"start":{"line":181,"column":93},"end":{"line":181,"column":135}},"102":{"start":{"line":182,"column":8},"end":{"line":182,"column":26}},"103":{"start":{"line":185,"column":4},"end":{"line":215,"column":7}},"104":{"start":{"line":186,"column":27},"end":{"line":186,"column":119}},"105":{"start":{"line":187,"column":8},"end":{"line":187,"column":137}},"106":{"start":{"line":187,"column":49},"end":{"line":187,"column":127}},"107":{"start":{"line":187,"column":65},"end":{"line":187,"column":127}},"108":{"start":{"line":187,"column":128},"end":{"line":187,"column":135}},"109":{"start":{"line":188,"column":22},"end":{"line":188,"column":47}},"110":{"start":{"line":189,"column":21},"end":{"line":189,"column":51}},"111":{"start":{"line":190,"column":8},"end":{"line":190,"column":133}},"112":{"start":{"line":190,"column":36},"end":{"line":190,"column":123}},"113":{"start":{"line":190,"column":52},"end":{"line":190,"column":123}},"114":{"start":{"line":190,"column":124},"end":{"line":190,"column":131}},"115":{"start":{"line":191,"column":21},"end":{"line":191,"column":37}},"116":{"start":{"line":192,"column":8},"end":{"line":192,"column":115}},"117":{"start":{"line":192,"column":21},"end":{"line":192,"column":105}},"118":{"start":{"line":192,"column":37},"end":{"line":192,"column":105}},"119":{"start":{"line":192,"column":106},"end":{"line":192,"column":113}},"120":{"start":{"line":193,"column":8},"end":{"line":214,"column":9}},"121":{"start":{"line":194,"column":12},"end":{"line":204,"column":13}},"122":{"start":{"line":195,"column":28},"end":{"line":195,"column":43}},"123":{"start":{"line":195,"column":45},"end":{"line":195,"column":213}},"124":{"start":{"line":195,"column":56},"end":{"line":195,"column":111}},"125":{"start":{"line":195,"column":112},"end":{"line":195,"column":192}},"126":{"start":{"line":195,"column":193},"end":{"line":195,"column":211}},"127":{"start":{"line":196,"column":19},"end":{"line":204,"column":13}},"128":{"start":{"line":197,"column":16},"end":{"line":197,"column":51}},"129":{"start":{"line":197,"column":64},"end":{"line":197,"column":79}},"130":{"start":{"line":197,"column":81},"end":{"line":197,"column":136}},"131":{"start":{"line":197,"column":92},"end":{"line":197,"column":115}},"132":{"start":{"line":197,"column":116},"end":{"line":197,"column":134}},"133":{"start":{"line":198,"column":19},"end":{"line":204,"column":13}},"134":{"start":{"line":199,"column":30},"end":{"line":199,"column":40}},"135":{"start":{"line":199,"column":42},"end":{"line":199,"column":96}},"136":{"start":{"line":199,"column":97},"end":{"line":199,"column":113}},"137":{"start":{"line":199,"column":126},"end":{"line":199,"column":141}},"138":{"start":{"line":199,"column":143},"end":{"line":199,"column":193}},"139":{"start":{"line":199,"column":154},"end":{"line":199,"column":172}},"140":{"start":{"line":199,"column":173},"end":{"line":199,"column":191}},"141":{"start":{"line":200,"column":19},"end":{"line":204,"column":13}},"142":{"start":{"line":201,"column":30},"end":{"line":201,"column":40}},"143":{"start":{"line":201,"column":42},"end":{"line":201,"column":87}},"144":{"start":{"line":201,"column":88},"end":{"line":201,"column":104}},"145":{"start":{"line":201,"column":117},"end":{"line":201,"column":132}},"146":{"start":{"line":201,"column":134},"end":{"line":201,"column":184}},"147":{"start":{"line":201,"column":145},"end":{"line":201,"column":163}},"148":{"start":{"line":201,"column":164},"end":{"line":201,"column":182}},"149":{"start":{"line":202,"column":19},"end":{"line":204,"column":13}},"150":{"start":{"line":203,"column":30},"end":{"line":203,"column":40}},"151":{"start":{"line":203,"column":42},"end":{"line":203,"column":121}},"152":{"start":{"line":203,"column":69},"end":{"line":203,"column":117}},"153":{"start":{"line":203,"column":122},"end":{"line":203,"column":138}},"154":{"start":{"line":203,"column":151},"end":{"line":203,"column":166}},"155":{"start":{"line":203,"column":168},"end":{"line":203,"column":218}},"156":{"start":{"line":203,"column":179},"end":{"line":203,"column":197}},"157":{"start":{"line":203,"column":198},"end":{"line":203,"column":216}},"158":{"start":{"line":205,"column":28},"end":{"line":205,"column":56}},"159":{"start":{"line":206,"column":12},"end":{"line":206,"column":215}},"160":{"start":{"line":206,"column":166},"end":{"line":206,"column":187}},"161":{"start":{"line":207,"column":12},"end":{"line":207,"column":51}},"162":{"start":{"line":207,"column":37},"end":{"line":207,"column":51}},"163":{"start":{"line":208,"column":12},"end":{"line":208,"column":46}},"164":{"start":{"line":209,"column":12},"end":{"line":209,"column":29}},"165":{"start":{"line":209,"column":30},"end":{"line":209,"column":63}},"166":{"start":{"line":210,"column":12},"end":{"line":210,"column":84}},"167":{"start":{"line":210,"column":28},"end":{"line":210,"column":84}},"168":{"start":{"line":212,"column":12},"end":{"line":212,"column":60}},"169":{"start":{"line":213,"column":12},"end":{"line":213,"column":101}},"170":{"start":{"line":213,"column":28},"end":{"line":213,"column":101}},"171":{"start":{"line":217,"column":4},"end":{"line":217,"column":75}},"172":{"start":{"line":217,"column":45},"end":{"line":217,"column":73}},"173":{"start":{"line":219,"column":4},"end":{"line":223,"column":7}},"174":{"start":{"line":220,"column":24},"end":{"line":220,"column":51}},"175":{"start":{"line":221,"column":8},"end":{"line":221,"column":51}},"176":{"start":{"line":222,"column":8},"end":{"line":222,"column":23}},"177":{"start":{"line":224,"column":4},"end":{"line":224,"column":135}},"178":{"start":{"line":224,"column":51},"end":{"line":224,"column":81}},"179":{"start":{"line":224,"column":82},"end":{"line":224,"column":131}},"180":{"start":{"line":226,"column":4},"end":{"line":226,"column":58}},"181":{"start":{"line":229,"column":0},"end":{"line":229,"column":43}}},"fnMap":{"0":{"name":"registerStoreHandlers","decl":{"start":{"line":13,"column":9},"end":{"line":13,"column":30}},"loc":{"start":{"line":13,"column":42},"end":{"line":227,"column":1}},"line":13},"1":{"name":"broadcastPet","decl":{"start":{"line":30,"column":13},"end":{"line":30,"column":25}},"loc":{"start":{"line":30,"column":31},"end":{"line":32,"column":5}},"line":30},"2":{"name":"(anonymous_2)","decl":{"start":{"line":31,"column":46},"end":{"line":31,"column":47}},"loc":{"start":{"line":31,"column":51},"end":{"line":31,"column":110}},"line":31},"3":{"name":"getPriceMap","decl":{"start":{"line":35,"column":13},"end":{"line":35,"column":24}},"loc":{"start":{"line":35,"column":27},"end":{"line":49,"column":5}},"line":35},"4":{"name":"(anonymous_4)","decl":{"start":{"line":73,"column":32},"end":{"line":73,"column":33}},"loc":{"start":{"line":73,"column":44},"end":{"line":77,"column":5}},"line":73},"5":{"name":"(anonymous_5)","decl":{"start":{"line":79,"column":32},"end":{"line":79,"column":33}},"loc":{"start":{"line":79,"column":44},"end":{"line":83,"column":5}},"line":79},"6":{"name":"(anonymous_6)","decl":{"start":{"line":85,"column":27},"end":{"line":85,"column":28}},"loc":{"start":{"line":85,"column":47},"end":{"line":122,"column":5}},"line":85},"7":{"name":"(anonymous_7)","decl":{"start":{"line":92,"column":50},"end":{"line":92,"column":51}},"loc":{"start":{"line":92,"column":55},"end":{"line":92,"column":142}},"line":92},"8":{"name":"(anonymous_8)","decl":{"start":{"line":97,"column":54},"end":{"line":97,"column":55}},"loc":{"start":{"line":97,"column":59},"end":{"line":97,"column":151}},"line":97},"9":{"name":"(anonymous_9)","decl":{"start":{"line":124,"column":31},"end":{"line":124,"column":32}},"loc":{"start":{"line":124,"column":57},"end":{"line":171,"column":5}},"line":124},"10":{"name":"(anonymous_10)","decl":{"start":{"line":173,"column":31},"end":{"line":173,"column":32}},"loc":{"start":{"line":173,"column":43},"end":{"line":183,"column":5}},"line":173},"11":{"name":"(anonymous_11)","decl":{"start":{"line":185,"column":35},"end":{"line":185,"column":36}},"loc":{"start":{"line":185,"column":52},"end":{"line":215,"column":5}},"line":185},"12":{"name":"(anonymous_12)","decl":{"start":{"line":195,"column":184},"end":{"line":195,"column":185}},"loc":{"start":{"line":195,"column":188},"end":{"line":195,"column":190}},"line":195},"13":{"name":"(anonymous_13)","decl":{"start":{"line":203,"column":61},"end":{"line":203,"column":62}},"loc":{"start":{"line":203,"column":67},"end":{"line":203,"column":119}},"line":203},"14":{"name":"(anonymous_14)","decl":{"start":{"line":206,"column":161},"end":{"line":206,"column":162}},"loc":{"start":{"line":206,"column":166},"end":{"line":206,"column":187}},"line":206},"15":{"name":"(anonymous_15)","decl":{"start":{"line":217,"column":39},"end":{"line":217,"column":40}},"loc":{"start":{"line":217,"column":45},"end":{"line":217,"column":73}},"line":217},"16":{"name":"(anonymous_16)","decl":{"start":{"line":219,"column":37},"end":{"line":219,"column":38}},"loc":{"start":{"line":219,"column":43},"end":{"line":223,"column":5}},"line":219},"17":{"name":"(anonymous_17)","decl":{"start":{"line":224,"column":33},"end":{"line":224,"column":34}},"loc":{"start":{"line":224,"column":49},"end":{"line":224,"column":133}},"line":224}},"branchMap":{"0":{"loc":{"start":{"line":13,"column":31},"end":{"line":13,"column":40}},"type":"default-arg","locations":[{"start":{"line":13,"column":38},"end":{"line":13,"column":40}}],"line":13},"1":{"loc":{"start":{"line":31,"column":53},"end":{"line":31,"column":108}},"type":"if","locations":[{"start":{"line":31,"column":53},"end":{"line":31,"column":108}},{"start":{},"end":{}}],"line":31},"2":{"loc":{"start":{"line":47,"column":18},"end":{"line":47,"column":74}},"type":"cond-expr","locations":[{"start":{"line":47,"column":55},"end":{"line":47,"column":69}},{"start":{"line":47,"column":72},"end":{"line":47,"column":74}}],"line":47},"3":{"loc":{"start":{"line":87,"column":8},"end":{"line":87,"column":25}},"type":"if","locations":[{"start":{"line":87,"column":8},"end":{"line":87,"column":25}},{"start":{},"end":{}}],"line":87},"4":{"loc":{"start":{"line":90,"column":8},"end":{"line":90,"column":40}},"type":"if","locations":[{"start":{"line":90,"column":8},"end":{"line":90,"column":40}},{"start":{},"end":{}}],"line":90},"5":{"loc":{"start":{"line":91,"column":8},"end":{"line":94,"column":9}},"type":"if","locations":[{"start":{"line":91,"column":8},"end":{"line":94,"column":9}},{"start":{},"end":{}}],"line":91},"6":{"loc":{"start":{"line":92,"column":57},"end":{"line":92,"column":140}},"type":"if","locations":[{"start":{"line":92,"column":57},"end":{"line":92,"column":140}},{"start":{},"end":{}}],"line":92},"7":{"loc":{"start":{"line":95,"column":8},"end":{"line":100,"column":9}},"type":"if","locations":[{"start":{"line":95,"column":8},"end":{"line":100,"column":9}},{"start":{},"end":{}}],"line":95},"8":{"loc":{"start":{"line":96,"column":12},"end":{"line":99,"column":13}},"type":"if","locations":[{"start":{"line":96,"column":12},"end":{"line":99,"column":13}},{"start":{},"end":{}}],"line":96},"9":{"loc":{"start":{"line":96,"column":16},"end":{"line":96,"column":73}},"type":"binary-expr","locations":[{"start":{"line":96,"column":16},"end":{"line":96,"column":50}},{"start":{"line":96,"column":54},"end":{"line":96,"column":73}}],"line":96},"10":{"loc":{"start":{"line":97,"column":61},"end":{"line":97,"column":149}},"type":"if","locations":[{"start":{"line":97,"column":61},"end":{"line":97,"column":149}},{"start":{},"end":{}}],"line":97},"11":{"loc":{"start":{"line":103,"column":8},"end":{"line":120,"column":9}},"type":"if","locations":[{"start":{"line":103,"column":8},"end":{"line":120,"column":9}},{"start":{"line":112,"column":15},"end":{"line":120,"column":9}}],"line":103},"12":{"loc":{"start":{"line":103,"column":12},"end":{"line":103,"column":69}},"type":"binary-expr","locations":[{"start":{"line":103,"column":12},"end":{"line":103,"column":39}},{"start":{"line":103,"column":43},"end":{"line":103,"column":69}}],"line":103},"13":{"loc":{"start":{"line":105,"column":12},"end":{"line":111,"column":13}},"type":"if","locations":[{"start":{"line":105,"column":12},"end":{"line":111,"column":13}},{"start":{"line":108,"column":19},"end":{"line":111,"column":13}}],"line":105},"14":{"loc":{"start":{"line":105,"column":16},"end":{"line":105,"column":66}},"type":"binary-expr","locations":[{"start":{"line":105,"column":16},"end":{"line":105,"column":43}},{"start":{"line":105,"column":47},"end":{"line":105,"column":66}}],"line":105},"15":{"loc":{"start":{"line":107,"column":16},"end":{"line":107,"column":58}},"type":"binary-expr","locations":[{"start":{"line":107,"column":16},"end":{"line":107,"column":34}},{"start":{"line":107,"column":38},"end":{"line":107,"column":58}}],"line":107},"16":{"loc":{"start":{"line":108,"column":19},"end":{"line":111,"column":13}},"type":"if","locations":[{"start":{"line":108,"column":19},"end":{"line":111,"column":13}},{"start":{},"end":{}}],"line":108},"17":{"loc":{"start":{"line":108,"column":23},"end":{"line":108,"column":72}},"type":"binary-expr","locations":[{"start":{"line":108,"column":23},"end":{"line":108,"column":49}},{"start":{"line":108,"column":53},"end":{"line":108,"column":72}}],"line":108},"18":{"loc":{"start":{"line":110,"column":16},"end":{"line":110,"column":58}},"type":"binary-expr","locations":[{"start":{"line":110,"column":16},"end":{"line":110,"column":34}},{"start":{"line":110,"column":38},"end":{"line":110,"column":58}}],"line":110},"19":{"loc":{"start":{"line":112,"column":15},"end":{"line":120,"column":9}},"type":"if","locations":[{"start":{"line":112,"column":15},"end":{"line":120,"column":9}},{"start":{"line":115,"column":15},"end":{"line":120,"column":9}}],"line":112},"20":{"loc":{"start":{"line":113,"column":36},"end":{"line":113,"column":69}},"type":"cond-expr","locations":[{"start":{"line":113,"column":51},"end":{"line":113,"column":65}},{"start":{"line":113,"column":68},"end":{"line":113,"column":69}}],"line":113},"21":{"loc":{"start":{"line":114,"column":12},"end":{"line":114,"column":56}},"type":"binary-expr","locations":[{"start":{"line":114,"column":12},"end":{"line":114,"column":31}},{"start":{"line":114,"column":35},"end":{"line":114,"column":56}}],"line":114},"22":{"loc":{"start":{"line":117,"column":30},"end":{"line":117,"column":49}},"type":"binary-expr","locations":[{"start":{"line":117,"column":30},"end":{"line":117,"column":44}},{"start":{"line":117,"column":48},"end":{"line":117,"column":49}}],"line":117},"23":{"loc":{"start":{"line":126,"column":8},"end":{"line":126,"column":25}},"type":"if","locations":[{"start":{"line":126,"column":8},"end":{"line":126,"column":25}},{"start":{},"end":{}}],"line":126},"24":{"loc":{"start":{"line":128,"column":8},"end":{"line":128,"column":59}},"type":"if","locations":[{"start":{"line":128,"column":8},"end":{"line":128,"column":59}},{"start":{},"end":{}}],"line":128},"25":{"loc":{"start":{"line":128,"column":12},"end":{"line":128,"column":50}},"type":"binary-expr","locations":[{"start":{"line":128,"column":12},"end":{"line":128,"column":27}},{"start":{"line":128,"column":31},"end":{"line":128,"column":50}}],"line":128},"26":{"loc":{"start":{"line":129,"column":8},"end":{"line":154,"column":9}},"type":"switch","locations":[{"start":{"line":130,"column":12},"end":{"line":131,"column":91}},{"start":{"line":132,"column":12},"end":{"line":136,"column":22}},{"start":{"line":137,"column":12},"end":{"line":138,"column":74}},{"start":{"line":139,"column":12},"end":{"line":143,"column":22}},{"start":{"line":144,"column":12},"end":{"line":144,"column":26}},{"start":{"line":145,"column":12},"end":{"line":145,"column":31}},{"start":{"line":146,"column":12},"end":{"line":146,"column":27}},{"start":{"line":147,"column":12},"end":{"line":153,"column":22}}],"line":129},"27":{"loc":{"start":{"line":133,"column":39},"end":{"line":133,"column":54}},"type":"binary-expr","locations":[{"start":{"line":133,"column":39},"end":{"line":133,"column":49}},{"start":{"line":133,"column":53},"end":{"line":133,"column":54}}],"line":133},"28":{"loc":{"start":{"line":134,"column":42},"end":{"line":134,"column":60}},"type":"binary-expr","locations":[{"start":{"line":134,"column":42},"end":{"line":134,"column":55}},{"start":{"line":134,"column":59},"end":{"line":134,"column":60}}],"line":134},"29":{"loc":{"start":{"line":138,"column":39},"end":{"line":138,"column":54}},"type":"binary-expr","locations":[{"start":{"line":138,"column":39},"end":{"line":138,"column":49}},{"start":{"line":138,"column":53},"end":{"line":138,"column":54}}],"line":138},"30":{"loc":{"start":{"line":140,"column":42},"end":{"line":140,"column":60}},"type":"binary-expr","locations":[{"start":{"line":140,"column":42},"end":{"line":140,"column":55}},{"start":{"line":140,"column":59},"end":{"line":140,"column":60}}],"line":140},"31":{"loc":{"start":{"line":141,"column":39},"end":{"line":141,"column":54}},"type":"binary-expr","locations":[{"start":{"line":141,"column":39},"end":{"line":141,"column":49}},{"start":{"line":141,"column":53},"end":{"line":141,"column":54}}],"line":141},"32":{"loc":{"start":{"line":142,"column":39},"end":{"line":142,"column":54}},"type":"binary-expr","locations":[{"start":{"line":142,"column":39},"end":{"line":142,"column":49}},{"start":{"line":142,"column":53},"end":{"line":142,"column":54}}],"line":142},"33":{"loc":{"start":{"line":148,"column":16},"end":{"line":148,"column":56}},"type":"if","locations":[{"start":{"line":148,"column":16},"end":{"line":148,"column":56}},{"start":{},"end":{}}],"line":148},"34":{"loc":{"start":{"line":149,"column":16},"end":{"line":151,"column":17}},"type":"if","locations":[{"start":{"line":149,"column":16},"end":{"line":151,"column":17}},{"start":{},"end":{}}],"line":149},"35":{"loc":{"start":{"line":150,"column":47},"end":{"line":150,"column":75}},"type":"binary-expr","locations":[{"start":{"line":150,"column":47},"end":{"line":150,"column":70}},{"start":{"line":150,"column":74},"end":{"line":150,"column":75}}],"line":150},"36":{"loc":{"start":{"line":175,"column":8},"end":{"line":175,"column":46}},"type":"if","locations":[{"start":{"line":175,"column":8},"end":{"line":175,"column":46}},{"start":{},"end":{}}],"line":175},"37":{"loc":{"start":{"line":175,"column":12},"end":{"line":175,"column":37}},"type":"binary-expr","locations":[{"start":{"line":175,"column":12},"end":{"line":175,"column":16}},{"start":{"line":175,"column":20},"end":{"line":175,"column":37}}],"line":175},"38":{"loc":{"start":{"line":178,"column":21},"end":{"line":178,"column":35}},"type":"binary-expr","locations":[{"start":{"line":178,"column":21},"end":{"line":178,"column":30}},{"start":{"line":178,"column":34},"end":{"line":178,"column":35}}],"line":178},"39":{"loc":{"start":{"line":186,"column":27},"end":{"line":186,"column":119}},"type":"binary-expr","locations":[{"start":{"line":186,"column":27},"end":{"line":186,"column":45}},{"start":{"line":186,"column":49},"end":{"line":186,"column":81}},{"start":{"line":186,"column":85},"end":{"line":186,"column":119}}],"line":186},"40":{"loc":{"start":{"line":187,"column":8},"end":{"line":187,"column":137}},"type":"if","locations":[{"start":{"line":187,"column":8},"end":{"line":187,"column":137}},{"start":{},"end":{}}],"line":187},"41":{"loc":{"start":{"line":187,"column":12},"end":{"line":187,"column":45}},"type":"binary-expr","locations":[{"start":{"line":187,"column":12},"end":{"line":187,"column":17}},{"start":{"line":187,"column":21},"end":{"line":187,"column":45}}],"line":187},"42":{"loc":{"start":{"line":187,"column":49},"end":{"line":187,"column":127}},"type":"if","locations":[{"start":{"line":187,"column":49},"end":{"line":187,"column":127}},{"start":{},"end":{}}],"line":187},"43":{"loc":{"start":{"line":190,"column":8},"end":{"line":190,"column":133}},"type":"if","locations":[{"start":{"line":190,"column":8},"end":{"line":190,"column":133}},{"start":{},"end":{}}],"line":190},"44":{"loc":{"start":{"line":190,"column":36},"end":{"line":190,"column":123}},"type":"if","locations":[{"start":{"line":190,"column":36},"end":{"line":190,"column":123}},{"start":{},"end":{}}],"line":190},"45":{"loc":{"start":{"line":192,"column":8},"end":{"line":192,"column":115}},"type":"if","locations":[{"start":{"line":192,"column":8},"end":{"line":192,"column":115}},{"start":{},"end":{}}],"line":192},"46":{"loc":{"start":{"line":192,"column":21},"end":{"line":192,"column":105}},"type":"if","locations":[{"start":{"line":192,"column":21},"end":{"line":192,"column":105}},{"start":{},"end":{}}],"line":192},"47":{"loc":{"start":{"line":194,"column":12},"end":{"line":204,"column":13}},"type":"if","locations":[{"start":{"line":194,"column":12},"end":{"line":204,"column":13}},{"start":{"line":196,"column":19},"end":{"line":204,"column":13}}],"line":194},"48":{"loc":{"start":{"line":195,"column":45},"end":{"line":195,"column":213}},"type":"if","locations":[{"start":{"line":195,"column":45},"end":{"line":195,"column":213}},{"start":{},"end":{}}],"line":195},"49":{"loc":{"start":{"line":195,"column":75},"end":{"line":195,"column":95}},"type":"binary-expr","locations":[{"start":{"line":195,"column":75},"end":{"line":195,"column":90}},{"start":{"line":195,"column":94},"end":{"line":195,"column":95}}],"line":195},"50":{"loc":{"start":{"line":196,"column":19},"end":{"line":204,"column":13}},"type":"if","locations":[{"start":{"line":196,"column":19},"end":{"line":204,"column":13}},{"start":{"line":198,"column":19},"end":{"line":204,"column":13}}],"line":196},"51":{"loc":{"start":{"line":197,"column":81},"end":{"line":197,"column":136}},"type":"if","locations":[{"start":{"line":197,"column":81},"end":{"line":197,"column":136}},{"start":{},"end":{}}],"line":197},"52":{"loc":{"start":{"line":198,"column":19},"end":{"line":204,"column":13}},"type":"if","locations":[{"start":{"line":198,"column":19},"end":{"line":204,"column":13}},{"start":{"line":200,"column":19},"end":{"line":204,"column":13}}],"line":198},"53":{"loc":{"start":{"line":199,"column":62},"end":{"line":199,"column":83}},"type":"binary-expr","locations":[{"start":{"line":199,"column":62},"end":{"line":199,"column":78}},{"start":{"line":199,"column":82},"end":{"line":199,"column":83}}],"line":199},"54":{"loc":{"start":{"line":199,"column":143},"end":{"line":199,"column":193}},"type":"if","locations":[{"start":{"line":199,"column":143},"end":{"line":199,"column":193}},{"start":{},"end":{}}],"line":199},"55":{"loc":{"start":{"line":200,"column":19},"end":{"line":204,"column":13}},"type":"if","locations":[{"start":{"line":200,"column":19},"end":{"line":204,"column":13}},{"start":{"line":202,"column":19},"end":{"line":204,"column":13}}],"line":200},"56":{"loc":{"start":{"line":201,"column":61},"end":{"line":201,"column":81}},"type":"binary-expr","locations":[{"start":{"line":201,"column":61},"end":{"line":201,"column":76}},{"start":{"line":201,"column":80},"end":{"line":201,"column":81}}],"line":201},"57":{"loc":{"start":{"line":201,"column":134},"end":{"line":201,"column":184}},"type":"if","locations":[{"start":{"line":201,"column":134},"end":{"line":201,"column":184}},{"start":{},"end":{}}],"line":201},"58":{"loc":{"start":{"line":202,"column":19},"end":{"line":204,"column":13}},"type":"if","locations":[{"start":{"line":202,"column":19},"end":{"line":204,"column":13}},{"start":{},"end":{}}],"line":202},"59":{"loc":{"start":{"line":203,"column":87},"end":{"line":203,"column":106}},"type":"binary-expr","locations":[{"start":{"line":203,"column":87},"end":{"line":203,"column":101}},{"start":{"line":203,"column":105},"end":{"line":203,"column":106}}],"line":203},"60":{"loc":{"start":{"line":203,"column":168},"end":{"line":203,"column":218}},"type":"if","locations":[{"start":{"line":203,"column":168},"end":{"line":203,"column":218}},{"start":{},"end":{}}],"line":203},"61":{"loc":{"start":{"line":206,"column":122},"end":{"line":206,"column":211}},"type":"cond-expr","locations":[{"start":{"line":206,"column":146},"end":{"line":206,"column":199}},{"start":{"line":206,"column":202},"end":{"line":206,"column":211}}],"line":206},"62":{"loc":{"start":{"line":207,"column":12},"end":{"line":207,"column":51}},"type":"if","locations":[{"start":{"line":207,"column":12},"end":{"line":207,"column":51}},{"start":{},"end":{}}],"line":207},"63":{"loc":{"start":{"line":210,"column":12},"end":{"line":210,"column":84}},"type":"if","locations":[{"start":{"line":210,"column":12},"end":{"line":210,"column":84}},{"start":{},"end":{}}],"line":210},"64":{"loc":{"start":{"line":213,"column":12},"end":{"line":213,"column":101}},"type":"if","locations":[{"start":{"line":213,"column":12},"end":{"line":213,"column":101}},{"start":{},"end":{}}],"line":213}},"s":{"0":1,"1":1,"2":1,"3":44,"4":44,"5":23,"6":46,"7":46,"8":10,"9":44,"10":44,"11":1,"12":1,"13":1,"14":44,"15":1,"16":1,"17":1,"18":44,"19":11,"20":11,"21":1,"22":10,"23":10,"24":10,"25":1,"26":9,"27":1,"28":2,"29":2,"30":1,"31":8,"32":2,"33":1,"34":2,"35":2,"36":1,"37":7,"38":7,"39":7,"40":5,"41":5,"42":1,"43":1,"44":4,"45":2,"46":2,"47":2,"48":1,"49":1,"50":1,"51":1,"52":1,"53":1,"54":7,"55":44,"56":9,"57":9,"58":0,"59":9,"60":9,"61":1,"62":8,"63":2,"64":2,"65":1,"66":1,"67":1,"68":1,"69":1,"70":1,"71":1,"72":1,"73":1,"74":1,"75":3,"76":1,"77":2,"78":1,"79":2,"80":2,"81":8,"82":8,"83":8,"84":8,"85":8,"86":1,"87":8,"88":8,"89":44,"90":2,"91":2,"92":1,"93":1,"94":1,"95":1,"96":1,"97":1,"98":1,"99":1,"100":1,"101":0,"102":1,"103":44,"104":12,"105":12,"106":1,"107":1,"108":1,"109":11,"110":11,"111":11,"112":1,"113":1,"114":1,"115":10,"116":10,"117":2,"118":1,"119":2,"120":8,"121":8,"122":3,"123":3,"124":3,"125":3,"126":3,"127":5,"128":2,"129":1,"130":1,"131":1,"132":1,"133":3,"134":1,"135":1,"136":1,"137":1,"138":1,"139":1,"140":1,"141":2,"142":1,"143":1,"144":1,"145":1,"146":1,"147":1,"148":1,"149":1,"150":1,"151":1,"152":3,"153":1,"154":1,"155":1,"156":1,"157":1,"158":7,"159":7,"160":3,"161":7,"162":1,"163":7,"164":7,"165":7,"166":7,"167":7,"168":1,"169":1,"170":1,"171":44,"172":1,"173":44,"174":2,"175":2,"176":2,"177":44,"178":1,"179":1,"180":44,"181":1},"f":{"0":44,"1":23,"2":46,"3":10,"4":1,"5":1,"6":11,"7":2,"8":2,"9":9,"10":2,"11":12,"12":0,"13":3,"14":3,"15":1,"16":2,"17":1},"b":{"0":[0],"1":[46,0],"2":[10,0],"3":[1,10],"4":[1,9],"5":[1,8],"6":[2,0],"7":[2,6],"8":[1,1],"9":[2,2],"10":[2,0],"11":[5,2],"12":[7,5],"13":[1,4],"14":[5,2],"15":[1,1],"16":[2,2],"17":[4,3],"18":[2,2],"19":[1,1],"20":[1,0],"21":[1,1],"22":[1,1],"23":[0,9],"24":[1,8],"25":[9,8],"26":[2,1,1,1,2,3,3,3],"27":[1,1],"28":[1,1],"29":[1,0],"30":[1,1],"31":[1,0],"32":[1,1],"33":[1,2],"34":[1,1],"35":[1,1],"36":[1,1],"37":[2,2],"38":[1,1],"39":[12,12,12],"40":[1,11],"41":[12,12],"42":[1,0],"43":[1,10],"44":[1,0],"45":[2,8],"46":[1,1],"47":[3,5],"48":[3,0],"49":[3,3],"50":[2,3],"51":[1,0],"52":[1,2],"53":[1,1],"54":[1,0],"55":[1,1],"56":[1,1],"57":[1,0],"58":[1,0],"59":[3,3],"60":[1,0],"61":[1,6],"62":[1,6],"63":[7,0],"64":[1,0]},"_coverageSchema":"1a1c01bbd47fc00a2c39e90264f33305004495a9","hash":"6a0da5179ee4e69d47dc8c8d92abd1ff06fd35bb","contentHash":"00f523a8b149fae45f530d9eb62bb313e32518be1532b03c6410e6189c98676d"},"C:\\Users\\julia\\Kadir11\\scripts\\handlers\\windowPositioningHandlers.js":{"path":"C:\\Users\\julia\\Kadir11\\scripts\\handlers\\windowPositioningHandlers.js","statementMap":{"0":{"start":{"line":1,"column":99},"end":{"line":1,"column":118}},"1":{"start":{"line":2,"column":25},"end":{"line":2,"column":51}},"2":{"start":{"line":4,"column":15},"end":{"line":4,"column":56}},"3":{"start":{"line":18,"column":8},"end":{"line":18,"column":15}},"4":{"start":{"line":20,"column":4},"end":{"line":20,"column":61}},"5":{"start":{"line":23,"column":24},"end":{"line":39,"column":5}},"6":{"start":{"line":24,"column":20},"end":{"line":24,"column":30}},"7":{"start":{"line":25,"column":8},"end":{"line":28,"column":9}},"8":{"start":{"line":26,"column":12},"end":{"line":26,"column":34}},"9":{"start":{"line":27,"column":12},"end":{"line":27,"column":24}},"10":{"start":{"line":29,"column":8},"end":{"line":29,"column":58}},"11":{"start":{"line":30,"column":8},"end":{"line":37,"column":9}},"12":{"start":{"line":31,"column":12},"end":{"line":36,"column":13}},"13":{"start":{"line":32,"column":16},"end":{"line":32,"column":104}},"14":{"start":{"line":33,"column":16},"end":{"line":33,"column":50}},"15":{"start":{"line":35,"column":16},"end":{"line":35,"column":55}},"16":{"start":{"line":38,"column":8},"end":{"line":38,"column":19}},"17":{"start":{"line":42,"column":4},"end":{"line":71,"column":7}},"18":{"start":{"line":43,"column":27},"end":{"line":43,"column":42}},"19":{"start":{"line":44,"column":8},"end":{"line":47,"column":9}},"20":{"start":{"line":45,"column":12},"end":{"line":45,"column":65}},"21":{"start":{"line":46,"column":12},"end":{"line":46,"column":19}},"22":{"start":{"line":49,"column":8},"end":{"line":49,"column":73}},"23":{"start":{"line":50,"column":28},"end":{"line":50,"column":76}},"24":{"start":{"line":52,"column":8},"end":{"line":70,"column":10}},"25":{"start":{"line":56,"column":16},"end":{"line":56,"column":46}},"26":{"start":{"line":57,"column":16},"end":{"line":57,"column":46}},"27":{"start":{"line":58,"column":28},"end":{"line":58,"column":44}},"28":{"start":{"line":59,"column":16},"end":{"line":59,"column":70}},"29":{"start":{"line":59,"column":25},"end":{"line":59,"column":70}},"30":{"start":{"line":74,"column":4},"end":{"line":102,"column":7}},"31":{"start":{"line":75,"column":27},"end":{"line":75,"column":42}},"32":{"start":{"line":76,"column":8},"end":{"line":79,"column":9}},"33":{"start":{"line":77,"column":12},"end":{"line":77,"column":65}},"34":{"start":{"line":78,"column":12},"end":{"line":78,"column":19}},"35":{"start":{"line":81,"column":8},"end":{"line":81,"column":73}},"36":{"start":{"line":82,"column":28},"end":{"line":82,"column":76}},"37":{"start":{"line":84,"column":8},"end":{"line":101,"column":10}},"38":{"start":{"line":88,"column":16},"end":{"line":88,"column":46}},"39":{"start":{"line":89,"column":28},"end":{"line":89,"column":44}},"40":{"start":{"line":90,"column":16},"end":{"line":90,"column":70}},"41":{"start":{"line":90,"column":25},"end":{"line":90,"column":70}},"42":{"start":{"line":105,"column":4},"end":{"line":111,"column":7}},"43":{"start":{"line":106,"column":30},"end":{"line":106,"column":103}},"44":{"start":{"line":106,"column":70},"end":{"line":106,"column":102}},"45":{"start":{"line":107,"column":8},"end":{"line":110,"column":9}},"46":{"start":{"line":108,"column":12},"end":{"line":108,"column":83}},"47":{"start":{"line":109,"column":12},"end":{"line":109,"column":83}},"48":{"start":{"line":114,"column":4},"end":{"line":122,"column":7}},"49":{"start":{"line":115,"column":26},"end":{"line":115,"column":95}},"50":{"start":{"line":115,"column":66},"end":{"line":115,"column":94}},"51":{"start":{"line":116,"column":8},"end":{"line":121,"column":9}},"52":{"start":{"line":117,"column":12},"end":{"line":117,"column":79}},"53":{"start":{"line":118,"column":12},"end":{"line":118,"column":79}},"54":{"start":{"line":120,"column":12},"end":{"line":120,"column":64}},"55":{"start":{"line":125,"column":4},"end":{"line":131,"column":7}},"56":{"start":{"line":126,"column":27},"end":{"line":126,"column":97}},"57":{"start":{"line":126,"column":67},"end":{"line":126,"column":96}},"58":{"start":{"line":127,"column":8},"end":{"line":130,"column":9}},"59":{"start":{"line":128,"column":12},"end":{"line":128,"column":80}},"60":{"start":{"line":129,"column":12},"end":{"line":129,"column":80}},"61":{"start":{"line":133,"column":4},"end":{"line":133,"column":71}},"62":{"start":{"line":143,"column":20},"end":{"line":143,"column":46}},"63":{"start":{"line":144,"column":24},"end":{"line":144,"column":50}},"64":{"start":{"line":145,"column":25},"end":{"line":145,"column":52}},"65":{"start":{"line":147,"column":23},"end":{"line":147,"column":45}},"66":{"start":{"line":148,"column":24},"end":{"line":148,"column":47}},"67":{"start":{"line":150,"column":23},"end":{"line":150,"column":59}},"68":{"start":{"line":151,"column":22},"end":{"line":151,"column":69}},"69":{"start":{"line":153,"column":19},"end":{"line":153,"column":61}},"70":{"start":{"line":154,"column":19},"end":{"line":154,"column":61}},"71":{"start":{"line":156,"column":4},"end":{"line":156,"column":43}},"72":{"start":{"line":157,"column":4},"end":{"line":157,"column":63}},"73":{"start":{"line":160,"column":0},"end":{"line":160,"column":52}}},"fnMap":{"0":{"name":"setupWindowPositioningHandlers","decl":{"start":{"line":6,"column":9},"end":{"line":6,"column":39}},"loc":{"start":{"line":6,"column":54},"end":{"line":134,"column":1}},"line":6},"1":{"name":"(anonymous_1)","decl":{"start":{"line":23,"column":24},"end":{"line":23,"column":25}},"loc":{"start":{"line":23,"column":80},"end":{"line":39,"column":5}},"line":23},"2":{"name":"(anonymous_2)","decl":{"start":{"line":42,"column":28},"end":{"line":42,"column":29}},"loc":{"start":{"line":42,"column":52},"end":{"line":71,"column":5}},"line":42},"3":{"name":"(anonymous_3)","decl":{"start":{"line":55,"column":12},"end":{"line":55,"column":13}},"loc":{"start":{"line":55,"column":18},"end":{"line":60,"column":13}},"line":55},"4":{"name":"(anonymous_4)","decl":{"start":{"line":74,"column":28},"end":{"line":74,"column":29}},"loc":{"start":{"line":74,"column":52},"end":{"line":102,"column":5}},"line":74},"5":{"name":"(anonymous_5)","decl":{"start":{"line":87,"column":12},"end":{"line":87,"column":13}},"loc":{"start":{"line":87,"column":18},"end":{"line":91,"column":13}},"line":87},"6":{"name":"(anonymous_6)","decl":{"start":{"line":105,"column":40},"end":{"line":105,"column":41}},"loc":{"start":{"line":105,"column":57},"end":{"line":111,"column":5}},"line":105},"7":{"name":"(anonymous_7)","decl":{"start":{"line":106,"column":65},"end":{"line":106,"column":66}},"loc":{"start":{"line":106,"column":70},"end":{"line":106,"column":102}},"line":106},"8":{"name":"(anonymous_8)","decl":{"start":{"line":114,"column":36},"end":{"line":114,"column":37}},"loc":{"start":{"line":114,"column":53},"end":{"line":122,"column":5}},"line":114},"9":{"name":"(anonymous_9)","decl":{"start":{"line":115,"column":61},"end":{"line":115,"column":62}},"loc":{"start":{"line":115,"column":66},"end":{"line":115,"column":94}},"line":115},"10":{"name":"(anonymous_10)","decl":{"start":{"line":125,"column":37},"end":{"line":125,"column":38}},"loc":{"start":{"line":125,"column":54},"end":{"line":131,"column":5}},"line":125},"11":{"name":"(anonymous_11)","decl":{"start":{"line":126,"column":62},"end":{"line":126,"column":63}},"loc":{"start":{"line":126,"column":67},"end":{"line":126,"column":96}},"line":126},"12":{"name":"alignWindowsSideBySide","decl":{"start":{"line":142,"column":9},"end":{"line":142,"column":31}},"loc":{"start":{"line":142,"column":107},"end":{"line":158,"column":1}},"line":142}},"branchMap":{"0":{"loc":{"start":{"line":6,"column":40},"end":{"line":6,"column":52}},"type":"default-arg","locations":[{"start":{"line":6,"column":50},"end":{"line":6,"column":52}}],"line":6},"1":{"loc":{"start":{"line":15,"column":8},"end":{"line":15,"column":33}},"type":"default-arg","locations":[{"start":{"line":15,"column":18},"end":{"line":15,"column":33}}],"line":15},"2":{"loc":{"start":{"line":16,"column":8},"end":{"line":16,"column":45}},"type":"default-arg","locations":[{"start":{"line":16,"column":24},"end":{"line":16,"column":45}}],"line":16},"3":{"loc":{"start":{"line":17,"column":8},"end":{"line":17,"column":31}},"type":"default-arg","locations":[{"start":{"line":17,"column":17},"end":{"line":17,"column"
[...]
t":{"line":277,"column":8},"end":{"line":277,"column":15}},"154":{"start":{"line":281,"column":4},"end":{"line":281,"column":65}},"155":{"start":{"line":284,"column":4},"end":{"line":284,"column":69}},"156":{"start":{"line":287,"column":4},"end":{"line":287,"column":21}},"157":{"start":{"line":290,"column":19},"end":{"line":290,"column":57}},"158":{"start":{"line":291,"column":19},"end":{"line":291,"column":35}},"159":{"start":{"line":293,"column":4},"end":{"line":293,"column":98}},"160":{"start":{"line":296,"column":19},"end":{"line":296,"column":23}},"161":{"start":{"line":297,"column":26},"end":{"line":297,"column":30}},"162":{"start":{"line":298,"column":23},"end":{"line":298,"column":36}},"163":{"start":{"line":299,"column":21},"end":{"line":299,"column":39}},"164":{"start":{"line":300,"column":8},"end":{"line":306,"column":9}},"165":{"start":{"line":301,"column":12},"end":{"line":301,"column":37}},"166":{"start":{"line":302,"column":12},"end":{"line":305,"column":13}},"167":{"start":{"line":303,"column":29},"end":{"line":303,"column":115}},"168":{"start":{"line":304,"column":16},"end":{"line":304,"column":50}},"169":{"start":{"line":307,"column":8},"end":{"line":309,"column":9}},"170":{"start":{"line":308,"column":12},"end":{"line":308,"column":62}},"171":{"start":{"line":310,"column":22},"end":{"line":310,"column":33}},"172":{"start":{"line":312,"column":24},"end":{"line":333,"column":9}},"173":{"start":{"line":335,"column":8},"end":{"line":335,"column":50}},"174":{"start":{"line":338,"column":8},"end":{"line":338,"column":46}},"175":{"start":{"line":342,"column":4},"end":{"line":342,"column":55}},"176":{"start":{"line":343,"column":4},"end":{"line":343,"column":19}},"177":{"start":{"line":347,"column":17},"end":{"line":383,"column":5}},"178":{"start":{"line":348,"column":28},"end":{"line":348,"column":72}},"179":{"start":{"line":349,"column":31},"end":{"line":349,"column":73}},"180":{"start":{"line":350,"column":30},"end":{"line":350,"column":77}},"181":{"start":{"line":352,"column":8},"end":{"line":358,"column":9}},"182":{"start":{"line":353,"column":12},"end":{"line":357,"column":15}},"183":{"start":{"line":354,"column":16},"end":{"line":354,"column":74}},"184":{"start":{"line":354,"column":36},"end":{"line":354,"column":74}},"185":{"start":{"line":355,"column":16},"end":{"line":355,"column":72}},"186":{"start":{"line":355,"column":35},"end":{"line":355,"column":72}},"187":{"start":{"line":356,"column":16},"end":{"line":356,"column":32}},"188":{"start":{"line":361,"column":8},"end":{"line":361,"column":32}},"189":{"start":{"line":363,"column":8},"end":{"line":368,"column":9}},"190":{"start":{"line":364,"column":12},"end":{"line":367,"column":15}},"191":{"start":{"line":365,"column":16},"end":{"line":365,"column":75}},"192":{"start":{"line":366,"column":16},"end":{"line":366,"column":43}},"193":{"start":{"line":370,"column":8},"end":{"line":382,"column":9}},"194":{"start":{"line":371,"column":12},"end":{"line":381,"column":15}},"195":{"start":{"line":372,"column":16},"end":{"line":372,"column":61}},"196":{"start":{"line":373,"column":30},"end":{"line":373,"column":64}},"197":{"start":{"line":374,"column":16},"end":{"line":378,"column":17}},"198":{"start":{"line":375,"column":20},"end":{"line":375,"column":94}},"199":{"start":{"line":377,"column":20},"end":{"line":377,"column":67}},"200":{"start":{"line":379,"column":16},"end":{"line":379,"column":78}},"201":{"start":{"line":380,"column":16},"end":{"line":380,"column":82}},"202":{"start":{"line":387,"column":4},"end":{"line":387,"column":11}},"203":{"start":{"line":391,"column":0},"end":{"line":393,"column":1}},"204":{"start":{"line":392,"column":4},"end":{"line":392,"column":24}},"205":{"start":{"line":396,"column":0},"end":{"line":412,"column":1}},"206":{"start":{"line":397,"column":4},"end":{"line":411,"column":6}},"207":{"start":{"line":410,"column":34},"end":{"line":410,"column":52}}},"fnMap":{"0":{"name":"loadSpeciesData","decl":{"start":{"line":7,"column":15},"end":{"line":7,"column":30}},"loc":{"start":{"line":7,"column":33},"end":{"line":16,"column":1}},"line":7},"1":{"name":"loadQuestions","decl":{"start":{"line":22,"column":9},"end":{"line":22,"column":22}},"loc":{"start":{"line":22,"column":25},"end":{"line":30,"column":1}},"line":22},"2":{"name":"(anonymous_2)","decl":{"start":{"line":24,"column":14},"end":{"line":24,"column":15}},"loc":{"start":{"line":24,"column":26},"end":{"line":24,"column":41}},"line":24},"3":{"name":"(anonymous_3)","decl":{"start":{"line":25,"column":14},"end":{"line":25,"column":15}},"loc":{"start":{"line":25,"column":22},"end":{"line":28,"column":9}},"line":25},"4":{"name":"(anonymous_4)","decl":{"start":{"line":29,"column":15},"end":{"line":29,"column":16}},"loc":{"start":{"line":29,"column":24},"end":{"line":29,"column":78}},"line":29},"5":{"name":"generateRarity","decl":{"start":{"line":32,"column":9},"end":{"line":32,"column":23}},"loc":{"start":{"line":32,"column":26},"end":{"line":40,"column":1}},"line":32},"6":{"name":"generateSpecie","decl":{"start":{"line":43,"column":9},"end":{"line":43,"column":23}},"loc":{"start":{"line":43,"column":45},"end":{"line":101,"column":1}},"line":43},"7":{"name":"(anonymous_7)","decl":{"start":{"line":47,"column":49},"end":{"line":47,"column":50}},"loc":{"start":{"line":47,"column":54},"end":{"line":47,"column":87}},"line":47},"8":{"name":"(anonymous_8)","decl":{"start":{"line":52,"column":49},"end":{"line":52,"column":50}},"loc":{"start":{"line":52,"column":54},"end":{"line":52,"column":76}},"line":52},"9":{"name":"(anonymous_9)","decl":{"start":{"line":90,"column":31},"end":{"line":90,"column":32}},"loc":{"start":{"line":90,"column":41},"end":{"line":94,"column":5}},"line":90},"10":{"name":"(anonymous_10)","decl":{"start":{"line":97,"column":16},"end":{"line":97,"column":17}},"loc":{"start":{"line":97,"column":26},"end":{"line":97,"column":43}},"line":97},"11":{"name":"resetQuiz","decl":{"start":{"line":104,"column":9},"end":{"line":104,"column":18}},"loc":{"start":{"line":104,"column":21},"end":{"line":114,"column":1}},"line":104},"12":{"name":"selectRandomQuestions","decl":{"start":{"line":124,"column":9},"end":{"line":124,"column":30}},"loc":{"start":{"line":124,"column":33},"end":{"line":127,"column":1}},"line":124},"13":{"name":"(anonymous_13)","decl":{"start":{"line":125,"column":36},"end":{"line":125,"column":37}},"loc":{"start":{"line":125,"column":42},"end":{"line":125,"column":61}},"line":125},"14":{"name":"showQuestion","decl":{"start":{"line":130,"column":9},"end":{"line":130,"column":21}},"loc":{"start":{"line":130,"column":24},"end":{"line":145,"column":1}},"line":130},"15":{"name":"(anonymous_15)","decl":{"start":{"line":138,"column":29},"end":{"line":138,"column":30}},"loc":{"start":{"line":138,"column":39},"end":{"line":144,"column":5}},"line":138},"16":{"name":"(anonymous_16)","decl":{"start":{"line":142,"column":41},"end":{"line":142,"column":42}},"loc":{"start":{"line":142,"column":47},"end":{"line":142,"column":74}},"line":142},"17":{"name":"selectOption","decl":{"start":{"line":148,"column":9},"end":{"line":148,"column":21}},"loc":{"start":{"line":148,"column":30},"end":{"line":162,"column":1}},"line":148},"18":{"name":"showElementSelection","decl":{"start":{"line":165,"column":9},"end":{"line":165,"column":29}},"loc":{"start":{"line":165,"column":32},"end":{"line":182,"column":1}},"line":165},"19":{"name":"(anonymous_19)","decl":{"start":{"line":172,"column":27},"end":{"line":172,"column":28}},"loc":{"start":{"line":172,"column":37},"end":{"line":181,"column":5}},"line":172},"20":{"name":"(anonymous_20)","decl":{"start":{"line":177,"column":41},"end":{"line":177,"column":42}},"loc":{"start":{"line":177,"column":47},"end":{"line":180,"column":9}},"line":177},"21":{"name":"showFinalAnimation","decl":{"start":{"line":185,"column":9},"end":{"line":185,"column":27}},"loc":{"start":{"line":185,"column":36},"end":{"line":252,"column":1}},"line":185},"22":{"name":"(anonymous_22)","decl":{"start":{"line":199,"column":26},"end":{"line":199,"column":27}},"loc":{"start":{"line":199,"column":32},"end":{"line":202,"column":9}},"line":199},"23":{"name":"(anonymous_23)","decl":{"start":{"line":204,"column":34},"end":{"line":204,"column":35}},"loc":{"start":{"line":204,"column":40},"end":{"line":207,"column":5}},"line":204},"24":{"name":"(anonymous_24)","decl":{"start":{"line":210,"column":15},"end":{"line":210,"column":16}},"loc":{"start":{"line":210,"column":21},"end":{"line":212,"column":5}},"line":210},"25":{"name":"(anonymous_25)","decl":{"start":{"line":214,"column":15},"end":{"line":214,"column":16}},"loc":{"start":{"line":214,"column":21},"end":{"line":251,"column":5}},"line":214},"26":{"name":"(anonymous_26)","decl":{"start":{"line":232,"column":19},"end":{"line":232,"column":20}},"loc":{"start":{"line":232,"column":25},"end":{"line":250,"column":9}},"line":232},"27":{"name":"(anonymous_27)","decl":{"start":{"line":237,"column":23},"end":{"line":237,"column":24}},"loc":{"start":{"line":237,"column":29},"end":{"line":249,"column":13}},"line":237},"28":{"name":"(anonymous_28)","decl":{"start":{"line":240,"column":27},"end":{"line":240,"column":28}},"loc":{"start":{"line":240,"column":33},"end":{"line":242,"column":17}},"line":240},"29":{"name":"(anonymous_29)","decl":{"start":{"line":245,"column":27},"end":{"line":245,"column":28}},"loc":{"start":{"line":245,"column":33},"end":{"line":248,"column":17}},"line":245},"30":{"name":"showNameSelection","decl":{"start":{"line":255,"column":9},"end":{"line":255,"column":26}},"loc":{"start":{"line":255,"column":36},"end":{"line":266,"column":1}},"line":255},"31":{"name":"handleCreatePet","decl":{"start":{"line":269,"column":9},"end":{"line":269,"column":24}},"loc":{"start":{"line":269,"column":27},"end":{"line":339,"column":1}},"line":269},"32":{"name":"initQuiz","decl":{"start":{"line":341,"column":9},"end":{"line":341,"column":17}},"loc":{"start":{"line":341,"column":20},"end":{"line":344,"column":1}},"line":341},"33":{"name":"_initDomListeners","decl":{"start":{"line":346,"column":9},"end":{"line":346,"column":26}},"loc":{"start":{"line":346,"column":29},"end":{"line":388,"column":1}},"line":346},"34":{"name":"(anonymous_34)","decl":{"start":{"line":347,"column":17},"end":{"line":347,"column":18}},"loc":{"start":{"line":347,"column":29},"end":{"line":383,"column":5}},"line":347},"35":{"name":"(anonymous_35)","decl":{"start":{"line":353,"column":50},"end":{"line":353,"column":51}},"loc":{"start":{"line":353,"column":56},"end":{"line":357,"column":13}},"line":353},"36":{"name":"(anonymous_36)","decl":{"start":{"line":364,"column":44},"end":{"line":364,"column":45}},"loc":{"start":{"line":364,"column":56},"end":{"line":367,"column":13}},"line":364},"37":{"name":"(anonymous_37)","decl":{"start":{"line":371,"column":54},"end":{"line":371,"column":55}},"loc":{"start":{"line":371,"column":72},"end":{"line":381,"column":13}},"line":371},"38":{"name":"(anonymous_38)","decl":{"start":{"line":410,"column":24},"end":{"line":410,"column":25}},"loc":{"start":{"line":410,"column":32},"end":{"line":410,"column":54}},"line":410}},"branchMap":{"0":{"loc":{"start":{"line":34,"column":4},"end":{"line":34,"column":34}},"type":"if","locations":[{"start":{"line":34,"column":4},"end":{"line":34,"column":34}},{"start":{},"end":{}}],"line":34},"1":{"loc":{"start":{"line":35,"column":4},"end":{"line":35,"column":36}},"type":"if","locations":[{"start":{"line":35,"column":4},"end":{"line":35,"column":36}},{"start":{},"end":{}}],"line":35},"2":{"loc":{"start":{"line":36,"column":4},"end":{"line":36,"column":33}},"type":"if","locations":[{"start":{"line":36,"column":4},"end":{"line":36,"column":33}},{"start":{},"end":{}}],"line":36},"3":{"loc":{"start":{"line":37,"column":4},"end":{"line":37,"column":38}},"type":"if","locations":[{"start":{"line":37,"column":4},"end":{"line":37,"column":38}},{"start":{},"end":{}}],"line":37},"4":{"loc":{"start":{"line":38,"column":4},"end":{"line":38,"column":34}},"type":"if","locations":[{"start":{"line":38,"column":4},"end":{"line":38,"column":34}},{"start":{},"end":{}}],"line":38},"5":{"loc":{"start":{"line":50,"column":4},"end":{"line":53,"column":5}},"type":"if","locations":[{"start":{"line":50,"column":4},"end":{"line":53,"column":5}},{"start":{},"end":{}}],"line":50},"6":{"loc":{"start":{"line":56,"column":4},"end":{"line":59,"column":5}},"type":"if","locations":[{"start":{"line":56,"column":4},"end":{"line":59,"column":5}},{"start":{},"end":{}}],"line":56},"7":{"loc":{"start":{"line":62,"column":4},"end":{"line":65,"column":5}},"type":"if","locations":[{"start":{"line":62,"column":4},"end":{"line":65,"column":5}},{"start":{},"end":{}}],"line":62},"8":{"loc":{"start":{"line":92,"column":31},"end":{"line":92,"column":51}},"type":"binary-expr","locations":[{"start":{"line":92,"column":31},"end":{"line":92,"column":46}},{"start":{"line":92,"column":50},"end":{"line":92,"column":51}}],"line":92},"9":{"loc":{"start":{"line":157,"column":4},"end":{"line":161,"column":5}},"type":"if","locations":[{"start":{"line":157,"column":4},"end":{"line":161,"column":5}},{"start":{"line":159,"column":11},"end":{"line":161,"column":5}}],"line":157},"10":{"loc":{"start":{"line":198,"column":4},"end":{"line":203,"column":5}},"type":"if","locations":[{"start":{"line":198,"column":4},"end":{"line":203,"column":5}},{"start":{},"end":{}}],"line":198},"11":{"loc":{"start":{"line":271,"column":4},"end":{"line":274,"column":5}},"type":"if","locations":[{"start":{"line":271,"column":4},"end":{"line":274,"column":5}},{"start":{},"end":{}}],"line":271},"12":{"loc":{"start":{"line":275,"column":4},"end":{"line":278,"column":5}},"type":"if","locations":[{"start":{"line":275,"column":4},"end":{"line":278,"column":5}},{"start":{},"end":{}}],"line":275},"13":{"loc":{"start":{"line":300,"column":8},"end":{"line":306,"column":9}},"type":"if","locations":[{"start":{"line":300,"column":8},"end":{"line":306,"column":9}},{"start":{},"end":{}}],"line":300},"14":{"loc":{"start":{"line":301,"column":19},"end":{"line":301,"column":36}},"type":"binary-expr","locations":[{"start":{"line":301,"column":19},"end":{"line":301,"column":28}},{"start":{"line":301,"column":32},"end":{"line":301,"column":36}}],"line":301},"15":{"loc":{"start":{"line":302,"column":12},"end":{"line":305,"column":13}},"type":"if","locations":[{"start":{"line":302,"column":12},"end":{"line":305,"column":13}},{"start":{},"end":{}}],"line":302},"16":{"loc":{"start":{"line":303,"column":29},"end":{"line":303,"column":115}},"type":"cond-expr","locations":[{"start":{"line":303,"column":44},"end":{"line":303,"column":86}},{"start":{"line":303,"column":89},"end":{"line":303,"column":115}}],"line":303},"17":{"loc":{"start":{"line":307,"column":8},"end":{"line":309,"column":9}},"type":"if","locations":[{"start":{"line":307,"column":8},"end":{"line":309,"column":9}},{"start":{},"end":{}}],"line":307},"18":{"loc":{"start":{"line":308,"column":26},"end":{"line":308,"column":61}},"type":"binary-expr","locations":[{"start":{"line":308,"column":26},"end":{"line":308,"column":46}},{"start":{"line":308,"column":50},"end":{"line":308,"column":61}}],"line":308},"19":{"loc":{"start":{"line":352,"column":8},"end":{"line":358,"column":9}},"type":"if","locations":[{"start":{"line":352,"column":8},"end":{"line":358,"column":9}},{"start":{},"end":{}}],"line":352},"20":{"loc":{"start":{"line":354,"column":16},"end":{"line":354,"column":74}},"type":"if","locations":[{"start":{"line":354,"column":16},"end":{"line":354,"column":74}},{"start":{},"end":{}}],"line":354},"21":{"loc":{"start":{"line":355,"column":16},"end":{"line":355,"column":72}},"type":"if","locations":[{"start":{"line":355,"column":16},"end":{"line":355,"column":72}},{"start":{},"end":{}}],"line":355},"22":{"loc":{"start":{"line":363,"column":8},"end":{"line":368,"column":9}},"type":"if","locations":[{"start":{"line":363,"column":8},"end":{"line":368,"column":9}},{"start":{},"end":{}}],"line":363},"23":{"loc":{"start":{"line":363,"column":12},"end":{"line":363,"column":65}},"type":"binary-expr","locations":[{"start":{"line":363,"column":12},"end":{"line":363,"column":30}},{"start":{"line":363,"column":34},"end":{"line":363,"column":65}}],"line":363},"24":{"loc":{"start":{"line":370,"column":8},"end":{"line":382,"column":9}},"type":"if","locations":[{"start":{"line":370,"column":8},"end":{"line":382,"column":9}},{"start":{},"end":{}}],"line":370},"25":{"loc":{"start":{"line":370,"column":12},"end":{"line":370,"column":55}},"type":"binary-expr","locations":[{"start":{"line":370,"column":12},"end":{"line":370,"column":30}},{"start":{"line":370,"column":34},"end":{"line":370,"column":55}}],"line":370},"26":{"loc":{"start":{"line":374,"column":16},"end":{"line":378,"column":17}},"type":"if","locations":[{"start":{"line":374,"column":16},"end":{"line":378,"column":17}},{"start":{"line":376,"column":23},"end":{"line":378,"column":17}}],"line":374},"27":{"loc":{"start":{"line":391,"column":0},"end":{"line":393,"column":1}},"type":"if","locations":[{"start":{"line":391,"column":0},"end":{"line":393,"column":1}},{"start":{},"end":{}}],"line":391},"28":{"loc":{"start":{"line":391,"column":4},"end":{"line":391,"column":61}},"type":"binary-expr","locations":[{"start":{"line":391,"column":4},"end":{"line":391,"column":35}},{"start":{"line":391,"column":39},"end":{"line":391,"column":61}}],"line":391},"29":{"loc":{"start":{"line":396,"column":0},"end":{"line":412,"column":1}},"type":"if","locations":[{"start":{"line":396,"column":0},"end":{"line":412,"column":1}},{"start":{},"end":{}}],"line":396}},"s":{"0":26,"1":26,"2":26,"3":26,"4":8,"5":8,"6":7,"7":7,"8":7,"9":1,"10":26,"11":7,"12":7,"13":7,"14":7,"15":1,"16":10,"17":10,"18":3,"19":7,"20":2,"21":5,"22":2,"23":3,"24":1,"25":2,"26":1,"27":1,"28":10,"29":10,"30":12,"31":10,"32":5,"33":5,"34":5,"35":10,"36":3,"37":3,"38":10,"39":2,"40":2,"41":10,"42":10,"43":22,"44":22,"45":22,"46":10,"47":25,"48":10,"49":10,"50":1,"51":1,"52":1,"53":1,"54":1,"55":1,"56":1,"57":1,"58":1,"59":26,"60":26,"61":26,"62":26,"63":26,"64":7,"65":20,"66":7,"67":18,"68":18,"69":18,"70":18,"71":18,"72":18,"73":18,"74":17,"75":17,"76":17,"77":5,"78":17,"79":12,"80":12,"81":12,"82":12,"83":12,"84":12,"85":12,"86":10,"87":2,"88":4,"89":4,"90":4,"91":4,"92":4,"93":4,"94":5,"95":5,"96":5,"97":5,"98":2,"99":2,"100":5,"101":5,"102":5,"103":5,"104":5,"105":5,"106":5,"107":5,"108":5,"109":5,"110":2,"111":1,"112":1,"113":5,"114":1,"115":1,"116":5,"117":5,"118":5,"119":5,"120":5,"121":5,"122":5,"123":5,"124":5,"125":5,"126":5,"127":5,"128":5,"129":5,"130":5,"131":5,"132":5,"133":5,"134":5,"135":5,"136":5,"137":5,"138":5,"139":5,"140":5,"141":5,"142":2,"143":2,"144":2,"145":2,"146":2,"147":6,"148":6,"149":1,"150":1,"151":5,"152":1,"153":1,"154":4,"155":4,"156":4,"157":4,"158":4,"159":4,"160":4,"161":4,"162":4,"163":4,"164":4,"165":3,"166":3,"167":2,"168":2,"169":4,"170":2,"171":4,"172":4,"173":4,"174":4,"175":7,"176":7,"177":6,"178":6,"179":6,"180":6,"181":6,"182":6,"183":3,"184":3,"185":3,"186":3,"187":3,"188":6,"189":6,"190":5,"191":1,"192":1,"193":6,"194":5,"195":2,"196":2,"197":2,"198":1,"199":1,"200":2,"201":2,"202":6,"203":26,"204":2,"205":26,"206":26,"207":9},"f":{"0":8,"1":7,"2":7,"3":7,"4":1,"5":10,"6":10,"7":12,"8":5,"9":22,"10":25,"11":1,"12":7,"13":20,"14":18,"15":18,"16":5,"17":12,"18":4,"19":5,"20":2,"21":5,"22":1,"23":1,"24":5,"25":5,"26":5,"27":5,"28":5,"29":5,"30":2,"31":6,"32":7,"33":6,"34":6,"35":3,"36":1,"37":2,"38":9},"b":{"0":[3,7],"1":[2,5],"2":[2,3],"3":[1,2],"4":[1,1],"5":[5,5],"6":[3,7],"7":[2,8],"8":[22,4],"9":[10,2],"10":[2,3],"11":[1,5],"12":[1,4],"13":[3,1],"14":[3,1],"15":[2,1],"16":[1,1],"17":[2,2],"18":[2,2],"19":[6,0],"20":[3,0],"21":[3,0],"22":[5,1],"23":[6,6],"24":[5,1],"25":[6,6],"26":[1,1],"27":[2,24],"28":[26,26],"29":[26,0]},"_coverageSchema":"1a1c01bbd47fc00a2c39e90264f33305004495a9","hash":"701db07cb3a0b122fbed33d3275008439d4f779f","contentHash":"b475117f1b812af416f3100e1b9e9c8758e116f70fe003077ed06d9b3120a234"}}