TN:
SF:scripts\create-pet.js
FN:7,loadSpeciesData
FN:22,loadQuestions
FN:24,(anonymous_2)
FN:25,(anonymous_3)
FN:29,(anonymous_4)
FN:32,generateRarity
FN:43,generateSpecie
FN:47,(anonymous_7)
FN:52,(anonymous_8)
FN:90,(anonymous_9)
FN:97,(anonymous_10)
FN:104,resetQuiz
FN:124,selectRandomQuestions
FN:125,(anonymous_13)
FN:130,showQuestion
FN:138,(anonymous_15)
FN:142,(anonymous_16)
FN:148,selectOption
FN:165,showElementSelection
FN:172,(anonymous_19)
FN:177,(anonymous_20)
FN:185,showFinalAnimation
FN:199,(anonymous_22)
FN:204,(anonymous_23)
FN:210,(anonymous_24)
FN:214,(anonymous_25)
FN:232,(anonymous_26)
FN:237,(anonymous_27)
FN:240,(anonymous_28)
FN:245,(anonymous_29)
FN:255,showNameSelection
FN:269,handleCreatePet
FN:341,initQuiz
FN:346,_initDomListeners
FN:347,(anonymous_34)
FN:353,(anonymous_35)
FN:364,(anonymous_36)
FN:371,(anonymous_37)
FN:410,(anonymous_38)
FNF:39
FNH:39
FNDA:8,loadSpeciesData
FNDA:7,loadQuestions
FNDA:7,(anonymous_2)
FNDA:7,(anonymous_3)
FNDA:1,(anonymous_4)
FNDA:10,generateRarity
FNDA:10,generateSpecie
FNDA:12,(anonymous_7)
FNDA:5,(anonymous_8)
FNDA:22,(anonymous_9)
FNDA:25,(anonymous_10)
FNDA:1,resetQuiz
FNDA:7,selectRandomQuestions
FNDA:20,(anonymous_13)
FNDA:18,showQuestion
FNDA:18,(anonymous_15)
FNDA:5,(anonymous_16)
FNDA:12,selectOption
FNDA:4,showElementSelection
FNDA:5,(anonymous_19)
FNDA:2,(anonymous_20)
FNDA:5,showFinalAnimation
FNDA:1,(anonymous_22)
FNDA:1,(anonymous_23)
FNDA:5,(anonymous_24)
FNDA:5,(anonymous_25)
FNDA:5,(anonymous_26)
FNDA:5,(anonymous_27)
FNDA:5,(anonymous_28)
FNDA:5,(anonymous_29)
FNDA:2,showNameSelection
FNDA:6,handleCreatePet
FNDA:7,initQuiz
FNDA:6,_initDomListeners
FNDA:6,(anonymous_34)
FNDA:3,(anonymous_35)
FNDA:1,(anonymous_36)
FNDA:2,(anonymous_37)
FNDA:9,(anonymous_38)
DA:1,26
DA:3,26
DA:4,26
DA:5,26
DA:8,8
DA:9,8
DA:10,7
DA:11,7
DA:12,7
DA:14,1
DA:20,26
DA:23,7
DA:24,7
DA:26,7
DA:27,7
DA:29,1
DA:33,10
DA:34,10
DA:35,7
DA:36,5
DA:37,3
DA:38,2
DA:39,1
DA:44,10
DA:47,12
DA:50,10
DA:51,5
DA:52,5
DA:56,10
DA:57,3
DA:58,3
DA:62,10
DA:63,2
DA:64,2
DA:68,10
DA:90,10
DA:91,22
DA:92,22
DA:93,22
DA:97,25
DA:98,10
DA:100,10
DA:105,1
DA:106,1
DA:107,1
DA:108,1
DA:109,1
DA:110,1
DA:111,1
DA:112,1
DA:113,1
DA:117,26
DA:118,26
DA:119,26
DA:120,26
DA:121,26
DA:125,20
DA:126,7
DA:131,18
DA:132,18
DA:133,18
DA:135,18
DA:136,18
DA:138,18
DA:139,18
DA:140,17
DA:141,17
DA:142,17
DA:143,17
DA:149,12
DA:150,12
DA:151,12
DA:152,12
DA:153,12
DA:155,12
DA:157,12
DA:158,10
DA:160,2
DA:166,4
DA:167,4
DA:168,4
DA:169,4
DA:171,4
DA:172,4
DA:173,5
DA:174,5
DA:175,5
DA:177,5
DA:178,2
DA:179,2
DA:186,5
DA:187,5
DA:188,5
DA:190,5
DA:191,5
DA:194,5
DA:195,5
DA:196,5
DA:197,5
DA:198,5
DA:199,2
DA:200,1
DA:201,1
DA:204,5
DA:205,1
DA:206,1
DA:210,5
DA:211,5
DA:214,5
DA:215,5
DA:216,5
DA:217,5
DA:218,5
DA:219,5
DA:220,5
DA:223,5
DA:224,5
DA:225,5
DA:227,5
DA:228,5
DA:229,5
DA:232,5
DA:233,5
DA:234,5
DA:237,5
DA:238,5
DA:239,5
DA:240,5
DA:241,5
DA:245,5
DA:246,5
DA:247,5
DA:256,2
DA:259,2
DA:261,2
DA:264,2
DA:265,2
DA:270,6
DA:271,6
DA:272,1
DA:273,1
DA:275,5
DA:276,1
DA:277,1
DA:281,4
DA:284,4
DA:287,4
DA:290,4
DA:291,4
DA:293,4
DA:296,4
DA:297,4
DA:298,4
DA:299,4
DA:300,4
DA:301,3
DA:302,3
DA:303,2
DA:304,2
DA:307,4
DA:308,2
DA:310,4
DA:312,4
DA:335,4
DA:338,4
DA:342,7
DA:343,7
DA:347,6
DA:348,6
DA:349,6
DA:350,6
DA:352,6
DA:353,6
DA:354,3
DA:355,3
DA:356,3
DA:361,6
DA:363,6
DA:364,5
DA:365,1
DA:366,1
DA:370,6
DA:371,5
DA:372,2
DA:373,2
DA:374,2
DA:375,1
DA:377,1
DA:379,2
DA:380,2
DA:387,6
DA:391,26
DA:392,2
DA:396,26
DA:397,26
DA:410,9
LF:196
LH:196
BRDA:34,0,0,3
BRDA:34,0,1,7
BRDA:35,1,0,2
BRDA:35,1,1,5
BRDA:36,2,0,2
BRDA:36,2,1,3
BRDA:37,3,0,1
BRDA:37,3,1,2
BRDA:38,4,0,1
BRDA:38,4,1,1
BRDA:50,5,0,5
BRDA:50,5,1,5
BRDA:56,6,0,3
BRDA:56,6,1,7
BRDA:62,7,0,2
BRDA:62,7,1,8
BRDA:92,8,0,22
BRDA:92,8,1,4
BRDA:157,9,0,10
BRDA:157,9,1,2
BRDA:198,10,0,2
BRDA:198,10,1,3
BRDA:271,11,0,1
BRDA:271,11,1,5
BRDA:275,12,0,1
BRDA:275,12,1,4
BRDA:300,13,0,3
BRDA:300,13,1,1
BRDA:301,14,0,3
BRDA:301,14,1,1
BRDA:302,15,0,2
BRDA:302,15,1,1
BRDA:303,16,0,1
BRDA:303,16,1,1
BRDA:307,17,0,2
BRDA:307,17,1,2
BRDA:308,18,0,2
BRDA:308,18,1,2
BRDA:352,19,0,6
BRDA:352,19,1,0
BRDA:354,20,0,3
BRDA:354,20,1,0
BRDA:355,21,0,3
BRDA:355,21,1,0
BRDA:363,22,0,5
BRDA:363,22,1,1
BRDA:363,23,0,6
BRDA:363,23,1,6
BRDA:370,24,0,5
BRDA:370,24,1,1
BRDA:370,25,0,6
BRDA:370,25,1,6
BRDA:374,26,0,1
BRDA:374,26,1,1
BRDA:391,27,0,2
BRDA:391,27,1,24
BRDA:391,28,0,26
BRDA:391,28,1,26
BRDA:396,29,0,26
BRDA:396,29,1,0
BRF:60
BRH:56
end_of_record
TN:
SF:scripts\handlers\battleMechanicsHandlers.js
FN:6,setupBattleMechanicsHandlers
FN:17,(anonymous_1)
FN:18,(anonymous_2)
FN:24,(anonymous_3)
FN:46,(anonymous_4)
FN:63,(anonymous_5)
FNF:6
FNH:6
FNDA:14,setupBattleMechanicsHandlers
FNDA:13,(anonymous_1)
FNDA:16,(anonymous_2)
FNDA:7,(anonymous_3)
FNDA:7,(anonymous_4)
FNDA:6,(anonymous_5)
DA:1,1
DA:2,1
DA:4,1
DA:12,14
DA:14,14
DA:17,14
DA:18,13
DA:19,16
DA:24,14
DA:25,7
DA:26,7
DA:27,2
DA:28,2
DA:31,5
DA:32,5
DA:33,5
DA:34,5
DA:35,5
DA:36,5
DA:37,4
DA:38,4
DA:40,1
DA:41,1
DA:46,14
DA:47,7
DA:48,7
DA:49,6
DA:50,6
DA:51,6
DA:52,6
DA:53,6
DA:54,5
DA:55,5
DA:57,1
DA:58,1
DA:63,14
DA:64,6
DA:65,6
DA:67,5
DA:68,5
DA:69,5
DA:71,5
DA:73,5
DA:74,5
DA:75,4
DA:76,4
DA:78,1
DA:79,1
DA:83,14
DA:86,1
LF:50
LH:50
BRDA:6,0,0,0
BRDA:10,1,0,0
BRDA:11,2,0,0
BRDA:19,3,0,11
BRDA:19,3,1,5
BRDA:26,4,0,2
BRDA:26,4,1,5
BRDA:26,5,0,7
BRDA:26,5,1,6
BRDA:27,6,0,1
BRDA:27,6,1,1
BRDA:31,7,0,5
BRDA:31,7,1,1
BRDA:32,8,0,5
BRDA:32,8,1,1
BRDA:34,9,0,5
BRDA:34,9,1,0
BRDA:48,10,0,1
BRDA:48,10,1,6
BRDA:65,11,0,1
BRDA:65,11,1,5
BRDA:67,12,0,5
BRDA:67,12,1,1
BRDA:68,13,0,5
BRDA:68,13,1,1
BRF:25
BRH:21
end_of_record
TN:
SF:scripts\handlers\nestHandlers.js
FN:6,setupNestHandlers
FN:26,(anonymous_1)
FN:27,(anonymous_2)
FN:33,(anonymous_3)
FN:67,(anonymous_4)
FN:77,(anonymous_5)
FN:100,(anonymous_6)
FN:110,(anonymous_7)
FN:131,(anonymous_8)
FNF:9
FNH:9
FNDA:18,setupNestHandlers
FNDA:13,(anonymous_1)
FNDA:10,(anonymous_2)
FNDA:7,(anonymous_3)
FNDA:2,(anonymous_4)
FNDA:11,(anonymous_5)
FNDA:3,(anonymous_6)
FNDA:1,(anonymous_7)
FNDA:2,(anonymous_8)
DA:1,1
DA:2,1
DA:4,1
DA:21,18
DA:23,18
DA:26,18
DA:27,13
DA:28,10
DA:33,18
DA:34,7
DA:35,7
DA:36,7
DA:37,7
DA:40,7
DA:41,1
DA:42,1
DA:44,6
DA:45,1
DA:46,1
DA:48,5
DA:49,1
DA:50,1
DA:53,4
DA:55,4
DA:56,4
DA:57,3
DA:60,3
DA:61,3
DA:62,3
DA:64,3
DA:67,3
DA:68,2
DA:69,2
DA:72,1
DA:77,18
DA:78,11
DA:79,11
DA:81,11
DA:82,1
DA:83,1
DA:87,10
DA:88,10
DA:90,10
DA:92,10
DA:93,10
DA:95,6
DA:97,6
DA:100,6
DA:101,3
DA:103,3
DA:104,3
DA:109,6
DA:110,2
DA:111,1
DA:112,1
DA:115,2
DA:116,1
DA:118,1
DA:123,6
DA:125,4
DA:128,4
DA:129,4
DA:131,4
DA:135,18
DA:138,1
LF:65
LH:65
BRDA:6,0,0,0
BRDA:19,1,0,0
BRDA:20,2,0,0
BRDA:28,3,0,7
BRDA:28,3,1,3
BRDA:40,4,0,1
BRDA:40,4,1,6
BRDA:44,5,0,1
BRDA:44,5,1,5
BRDA:44,6,0,6
BRDA:44,6,1,5
BRDA:48,7,0,1
BRDA:48,7,1,4
BRDA:81,8,0,1
BRDA:81,8,1,10
BRDA:103,9,0,3
BRDA:103,9,1,0
BRDA:109,10,0,2
BRDA:109,10,1,4
BRDA:115,11,0,1
BRDA:115,11,1,1
BRF:21
BRH:17
end_of_record
TN:
SF:scripts\handlers\storeHandlers.js
FN:13,registerStoreHandlers
FN:30,broadcastPet
FN:31,(anonymous_2)
FN:35,getPriceMap
FN:73,(anonymous_4)
FN:79,(anonymous_5)
FN:85,(anonymous_6)
FN:92,(anonymous_7)
FN:97,(anonymous_8)
FN:124,(anonymous_9)
FN:173,(anonymous_10)
FN:185,(anonymous_11)
FN:195,(anonymous_12)
FN:203,(anonymous_13)
FN:206,(anonymous_14)
FN:217,(anonymous_15)
FN:219,(anonymous_16)
FN:224,(anonymous_17)
FNF:18
FNH:17
FNDA:44,registerStoreHandlers
FNDA:23,broadcastPet
FNDA:46,(anonymous_2)
FNDA:10,getPriceMap
FNDA:1,(anonymous_4)
FNDA:1,(anonymous_5)
FNDA:11,(anonymous_6)
FNDA:2,(anonymous_7)
FNDA:2,(anonymous_8)
FNDA:9,(anonymous_9)
FNDA:2,(anonymous_10)
FNDA:12,(anonymous_11)
FNDA:0,(anonymous_12)
FNDA:3,(anonymous_13)
FNDA:3,(anonymous_14)
FNDA:1,(anonymous_15)
FNDA:2,(anonymous_16)
FNDA:1,(anonymous_17)
DA:4,1
DA:5,1
DA:7,1
DA:26,44
DA:28,44
DA:31,46
DA:36,10
DA:52,44
DA:73,44
DA:74,1
DA:75,1
DA:76,1
DA:79,44
DA:80,1
DA:81,1
DA:82,1
DA:85,44
DA:86,11
DA:87,11
DA:88,10
DA:89,10
DA:90,10
DA:91,9
DA:92,2
DA:93,1
DA:95,8
DA:96,2
DA:97,2
DA:98,1
DA:101,7
DA:102,7
DA:103,7
DA:104,5
DA:105,5
DA:106,1
DA:107,1
DA:108,4
DA:109,2
DA:110,2
DA:112,2
DA:113,1
DA:114,1
DA:116,1
DA:117,1
DA:118,1
DA:119,1
DA:121,7
DA:124,44
DA:125,9
DA:126,9
DA:127,9
DA:128,9
DA:129,8
DA:131,2
DA:133,1
DA:134,1
DA:135,1
DA:136,1
DA:138,1
DA:140,1
DA:141,1
DA:142,1
DA:143,1
DA:148,3
DA:149,2
DA:150,1
DA:152,2
DA:153,2
DA:155,8
DA:156,8
DA:157,8
DA:158,8
DA:159,8
DA:167,1
DA:169,8
DA:170,8
DA:173,44
DA:174,2
DA:175,2
DA:176,1
DA:177,1
DA:178,1
DA:179,1
DA:180,1
DA:181,1
DA:182,1
DA:185,44
DA:186,12
DA:187,12
DA:188,11
DA:189,11
DA:190,11
DA:191,10
DA:192,10
DA:193,8
DA:194,8
DA:195,3
DA:196,5
DA:197,2
DA:198,3
DA:199,1
DA:200,2
DA:201,1
DA:202,1
DA:203,3
DA:205,7
DA:206,7
DA:207,7
DA:208,7
DA:209,7
DA:210,7
DA:212,1
DA:213,1
DA:217,44
DA:219,44
DA:220,2
DA:221,2
DA:222,2
DA:224,44
DA:226,44
DA:229,1
LF:121
LH:121
BRDA:13,0,0,0
BRDA:31,1,0,46
BRDA:31,1,1,0
BRDA:47,2,0,10
BRDA:47,2,1,0
BRDA:87,3,0,1
BRDA:87,3,1,10
BRDA:90,4,0,1
BRDA:90,4,1,9
BRDA:91,5,0,1
BRDA:91,5,1,8
BRDA:92,6,0,2
BRDA:92,6,1,0
BRDA:95,7,0,2
BRDA:95,7,1,6
BRDA:96,8,0,1
BRDA:96,8,1,1
BRDA:96,9,0,2
BRDA:96,9,1,2
BRDA:97,10,0,2
BRDA:97,10,1,0
BRDA:103,11,0,5
BRDA:103,11,1,2
BRDA:103,12,0,7
BRDA:103,12,1,5
BRDA:105,13,0,1
BRDA:105,13,1,4
BRDA:105,14,0,5
BRDA:105,14,1,2
BRDA:107,15,0,1
BRDA:107,15,1,1
BRDA:108,16,0,2
BRDA:108,16,1,2
BRDA:108,17,0,4
BRDA:108,17,1,3
BRDA:110,18,0,2
BRDA:110,18,1,2
BRDA:112,19,0,1
BRDA:112,19,1,1
BRDA:113,20,0,1
BRDA:113,20,1,0
BRDA:114,21,0,1
BRDA:114,21,1,1
BRDA:117,22,0,1
BRDA:117,22,1,1
BRDA:126,23,0,0
BRDA:126,23,1,9
BRDA:128,24,0,1
BRDA:128,24,1,8
BRDA:128,25,0,9
BRDA:128,25,1,8
BRDA:129,26,0,2
BRDA:129,26,1,1
BRDA:129,26,2,1
BRDA:129,26,3,1
BRDA:129,26,4,2
BRDA:129,26,5,3
BRDA:129,26,6,3
BRDA:129,26,7,3
BRDA:133,27,0,1
BRDA:133,27,1,1
BRDA:134,28,0,1
BRDA:134,28,1,1
BRDA:138,29,0,1
BRDA:138,29,1,0
BRDA:140,30,0,1
BRDA:140,30,1,1
BRDA:141,31,0,1
BRDA:141,31,1,0
BRDA:142,32,0,1
BRDA:142,32,1,1
BRDA:148,33,0,1
BRDA:148,33,1,2
BRDA:149,34,0,1
BRDA:149,34,1,1
BRDA:150,35,0,1
BRDA:150,35,1,1
BRDA:175,36,0,1
BRDA:175,36,1,1
BRDA:175,37,0,2
BRDA:175,37,1,2
BRDA:178,38,0,1
BRDA:178,38,1,1
BRDA:186,39,0,12
BRDA:186,39,1,12
BRDA:186,39,2,12
BRDA:187,40,0,1
BRDA:187,40,1,11
BRDA:187,41,0,12
BRDA:187,41,1,12
BRDA:187,42,0,1
BRDA:187,42,1,0
BRDA:190,43,0,1
BRDA:190,43,1,10
BRDA:190,44,0,1
BRDA:190,44,1,0
BRDA:192,45,0,2
BRDA:192,45,1,8
BRDA:192,46,0,1
BRDA:192,46,1,1
BRDA:194,47,0,3
BRDA:194,47,1,5
BRDA:195,48,0,3
BRDA:195,48,1,0
BRDA:195,49,0,3
BRDA:195,49,1,3
BRDA:196,50,0,2
BRDA:196,50,1,3
BRDA:197,51,0,1
BRDA:197,51,1,0
BRDA:198,52,0,1
BRDA:198,52,1,2
BRDA:199,53,0,1
BRDA:199,53,1,1
BRDA:199,54,0,1
BRDA:199,54,1,0
BRDA:200,55,0,1
BRDA:200,55,1,1
BRDA:201,56,0,1
BRDA:201,56,1,1
BRDA:201,57,0,1
BRDA:201,57,1,0
BRDA:202,58,0,1
BRDA:202,58,1,0
BRDA:203,59,0,3
BRDA:203,59,1,3
BRDA:203,60,0,1
BRDA:203,60,1,0
BRDA:206,61,0,1
BRDA:206,61,1,6
BRDA:207,62,0,1
BRDA:207,62,1,6
BRDA:210,63,0,7
BRDA:210,63,1,0
BRDA:213,64,0,1
BRDA:213,64,1,0
BRF:136
BRH:117
end_of_record
TN:
SF:scripts\handlers\windowPositioningHandlers.js
FN:6,setupWindowPositioningHandlers
FN:23,(anonymous_1)
FN:42,(anonymous_2)
FN:55,(anonymous_3)
FN:74,(anonymous_4)
FN:87,(anonymous_5)
FN:105,(anonymous_6)
FN:106,(anonymous_7)
FN:114,(anonymous_8)
FN:115,(anonymous_9)
FN:125,(anonymous_10)
FN:126,(anonymous_11)
FN:142,alignWindowsSideBySide
FNF:13
FNH:13
FNDA:16,setupWindowPositioningHandlers
FNDA:12,(anonymous_1)
FNDA:7,(anonymous_2)
FNDA:1,(anonymous_3)
FNDA:7,(anonymous_4)
FNDA:1,(anonymous_5)
FNDA:3,(anonymous_6)
FNDA:3,(anonymous_7)
FNDA:3,(anonymous_8)
FNDA:3,(anonymous_9)
FNDA:3,(anonymous_10)
FNDA:4,(anonymous_11)
FNDA:4,alignWindowsSideBySide
DA:1,1
DA:2,1
DA:4,1
DA:18,16
DA:20,16
DA:23,16
DA:24,12
DA:25,12
DA:26,2
DA:27,2
DA:29,10
DA:30,10
DA:31,4
DA:32,4
DA:33,2
DA:35,2
DA:38,10
DA:42,16
DA:43,7
DA:44,7
DA:45,1
DA:46,1
DA:49,6
DA:50,6
DA:52,6
DA:56,1
DA:57,1
DA:58,1
DA:59,1
DA:74,16
DA:75,7
DA:76,7
DA:77,1
DA:78,1
DA:81,6
DA:82,6
DA:84,6
DA:88,1
DA:89,1
DA:90,1
DA:105,16
DA:106,3
DA:107,3
DA:108,1
DA:109,1
DA:114,16
DA:115,3
DA:116,3
DA:117,1
DA:118,1
DA:120,1
DA:125,16
DA:126,4
DA:127,3
DA:128,1
DA:129,1
DA:133,16
DA:143,4
DA:144,2
DA:145,2
DA:147,2
DA:148,2
DA:150,2
DA:151,2
DA:153,2
DA:154,2
DA:156,2
DA:157,2
DA:160,1
LF:69
LH:69
BRDA:6,0,0,0
BRDA:15,1,0,0
BRDA:16,2,0,0
BRDA:17,3,0,3
BRDA:23,4,0,0
BRDA:25,5,0,2
BRDA:25,5,1,10
BRDA:30,6,0,4
BRDA:30,6,1,6
BRDA:30,7,0,10
BRDA:30,7,1,4
BRDA:44,8,0,1
BRDA:44,8,1,6
BRDA:50,9,0,3
BRDA:50,9,1,3
BRDA:59,10,0,1
BRDA:59,10,1,0
BRDA:61,11,0,2
BRDA:61,11,1,4
BRDA:76,12,0,1
BRDA:76,12,1,6
BRDA:82,13,0,3
BRDA:82,13,1,3
BRDA:90,14,0,1
BRDA:90,14,1,0
BRDA:92,15,0,2
BRDA:92,15,1,4
BRDA:107,16,0,1
BRDA:107,16,1,2
BRDA:107,17,0,3
BRDA:107,17,1,1
BRDA:107,17,2,1
BRDA:107,17,3,1
BRDA:116,18,0,1
BRDA:116,18,1,2
BRDA:116,19,0,3
BRDA:116,19,1,1
BRDA:116,19,2,1
BRDA:116,19,3,1
BRDA:127,20,0,1
BRDA:127,20,1,2
BRDA:127,21,0,3
BRDA:127,21,1,1
BRDA:127,21,2,1
BRDA:127,21,3,1
BRDA:142,22,0,0
BRDA:142,23,0,0
BRF:47
BRH:39
end_of_record
TN:
SF:scripts\logic\moveLearning.js
FN:1,learnMove
FN:7,(anonymous_1)
FN:15,(anonymous_2)
FN:21,(anonymous_3)
FNF:4
FNH:4
FNDA:12,learnMove
FNDA:11,(anonymous_1)
FNDA:11,(anonymous_2)
FNDA:11,(anonymous_3)
DA:2,12
DA:3,11
DA:4,10
DA:5,10
DA:7,11
DA:8,10
DA:9,10
DA:10,10
DA:11,10
DA:12,1
DA:14,9
DA:15,11
DA:16,9
DA:17,8
DA:19,1
DA:21,11
DA:22,9
DA:23,1
DA:24,8
DA:25,1
DA:27,7
DA:29,9
DA:32,1
LF:23
LH:23
BRDA:2,0,0,1
BRDA:2,0,1,11
BRDA:3,1,0,1
BRDA:3,1,1,10
BRDA:3,2,0,11
BRDA:3,2,1,10
BRDA:4,3,0,1
BRDA:4,3,1,9
BRDA:5,4,0,1
BRDA:5,4,1,9
BRDA:8,5,0,10
BRDA:8,5,1,0
BRDA:9,6,0,1
BRDA:9,6,1,9
BRDA:10,7,0,10
BRDA:10,7,1,0
BRDA:11,8,0,1
BRDA:11,8,1,9
BRDA:16,9,0,8
BRDA:16,9,1,1
BRDA:22,10,0,1
BRDA:22,10,1,8
BRDA:24,11,0,1
BRDA:24,11,1,7
BRF:24
BRH:22
end_of_record
TN:
SF:scripts\logic\progression.js
FN:4,applyBattleProgress
FN:23,applyJourneyRewards
FNF:2
FNH:2
FNDA:7,applyBattleProgress
FNDA:5,applyJourneyRewards
DA:5,7
DA:6,6
DA:7,6
DA:8,6
DA:9,6
DA:10,6
DA:11,6
DA:12,7
DA:13,7
DA:14,7
DA:15,7
DA:16,7
DA:17,7
DA:18,7
DA:20,6
DA:24,5
DA:25,4
DA:26,4
DA:28,4
DA:30,4
DA:31,4
DA:33,4
DA:34,2
DA:35,2
DA:37,4
DA:39,4
DA:42,1
LF:27
LH:27
BRDA:4,0,0,0
BRDA:4,1,0,0
BRDA:5,2,0,1
BRDA:5,2,1,6
BRDA:7,3,0,6
BRDA:7,3,1,6
BRDA:11,4,0,13
BRDA:11,4,1,8
BRDA:15,5,0,7
BRDA:15,5,1,4
BRDA:23,6,0,0
BRDA:23,7,0,2
BRDA:23,8,0,2
BRDA:24,9,0,1
BRDA:24,9,1,4
BRDA:28,10,0,2
BRDA:28,10,1,2
BRDA:28,11,0,2
BRDA:28,11,1,2
BRDA:33,12,0,2
BRDA:33,12,1,2
BRDA:37,13,0,2
BRDA:37,13,1,2
BRDA:37,14,0,2
BRDA:37,14,1,2
BRF:25
BRH:22
end_of_record
TN:
SF:scripts\utils\logger.js
FN:12,(anonymous_0)
FN:21,(anonymous_1)
FN:35,(anonymous_2)
FN:43,(anonymous_3)
FN:53,(anonymous_4)
FN:63,(anonymous_5)
FN:73,(anonymous_6)
FN:80,(anonymous_7)
FN:87,(anonymous_8)
FN:95,(anonymous_9)
FN:104,(anonymous_10)
FN:115,(anonymous_11)
FN:117,(anonymous_12)
FN:130,createLogger
FNF:14
FNH:14
FNDA:11,(anonymous_0)
FNDA:276,(anonymous_1)
FNDA:276,(anonymous_2)
FNDA:43,(anonymous_3)
FNDA:210,(anonymous_4)
FNDA:2,(anonymous_5)
FNDA:25,(anonymous_6)
FNDA:5,(anonymous_7)
FNDA:3,(anonymous_8)
FNDA:4,(anonymous_9)
FNDA:4,(anonymous_10)
FNDA:2,(anonymous_11)
FNDA:2,(anonymous_12)
FNDA:11,createLogger
DA:6,2
DA:13,11
DA:14,11
DA:22,276
DA:23,276
DA:36,276
DA:44,43
DA:45,40
DA:54,210
DA:55,208
DA:64,2
DA:65,1
DA:74,25
DA:81,5
DA:88,3
DA:96,4
DA:97,2
DA:105,4
DA:106,2
DA:116,2
DA:117,2
DA:118,2
DA:119,2
DA:120,2
DA:131,11
DA:134,2
LF:26
LH:26
BRDA:44,0,0,40
BRDA:44,0,1,3
BRDA:44,1,0,43
BRDA:44,1,1,41
BRDA:54,2,0,208
BRDA:54,2,1,2
BRDA:64,3,0,1
BRDA:64,3,1,1
BRDA:96,4,0,2
BRDA:96,4,1,2
BRDA:105,5,0,2
BRDA:105,5,1,2
BRF:12
BRH:12
end_of_record
